{
  "stats": {
    "suites": 12,
    "tests": 41,
    "passes": 27,
    "pending": 0,
    "failures": 14,
    "start": "2022-08-02T23:06:34.982Z",
    "end": "2022-08-02T23:08:04.609Z",
    "duration": 89627,
    "testsRegistered": 41,
    "passPercent": 65.85365853658537,
    "pendingPercent": 0,
    "other": 0,
    "hasOther": false,
    "skipped": 0,
    "hasSkipped": false
  },
  "results": [
    {
      "uuid": "da94b961-28d6-4d93-a854-7c416a6bb71a",
      "title": "",
      "fullFile": "cypress/integration/project.spec.js",
      "file": "cypress/integration/project.spec.js",
      "beforeHooks": [],
      "afterHooks": [],
      "tests": [],
      "suites": [
        {
          "uuid": "aa971cad-19a4-4590-97fb-c4bb6d4528ba",
          "title": "1 - Adicione à página o título \"Paleta de Cores\"",
          "fullFile": "",
          "file": "",
          "beforeHooks": [],
          "afterHooks": [],
          "tests": [
            {
              "title": "Verifica se contém um elemento `h1` com o id `title` com o título correto",
              "fullTitle": "1 - Adicione à página o título \"Paleta de Cores\" Verifica se contém um elemento `h1` com o id `title` com o título correto",
              "timedOut": null,
              "duration": 213,
              "state": "passed",
              "speed": "slow",
              "pass": true,
              "fail": false,
              "pending": false,
              "context": null,
              "code": "cy.get('h1#title').should('contain.text', 'Paleta de Cores');",
              "err": {},
              "uuid": "ef972e3d-5ea6-477f-92a4-379f8188a296",
              "parentUUID": "aa971cad-19a4-4590-97fb-c4bb6d4528ba",
              "isHook": false,
              "skipped": false
            }
          ],
          "suites": [],
          "passes": [
            "ef972e3d-5ea6-477f-92a4-379f8188a296"
          ],
          "failures": [],
          "pending": [],
          "skipped": [],
          "duration": 213,
          "root": false,
          "rootEmpty": false,
          "_timeout": 2000
        },
        {
          "uuid": "2b9d23bc-3094-4441-9e3b-8c4aec6fac0c",
          "title": "2 - Adicione à página uma paleta contendo quatro cores distintas",
          "fullFile": "",
          "file": "",
          "beforeHooks": [],
          "afterHooks": [],
          "tests": [
            {
              "title": "A paleta de cores deve ser um elemento com `id` denominado `color-palette` e ter mais de 0px de altura e de largura.",
              "fullTitle": "2 - Adicione à página uma paleta contendo quatro cores distintas A paleta de cores deve ser um elemento com `id` denominado `color-palette` e ter mais de 0px de altura e de largura.",
              "timedOut": null,
              "duration": 369,
              "state": "passed",
              "speed": "slow",
              "pass": true,
              "fail": false,
              "pending": false,
              "context": null,
              "code": "cy.get('#color-palette').should('be.visible');\ncy.get('#color-palette').children('.color');",
              "err": {},
              "uuid": "3a885a39-4c3c-4179-b25b-53e21595068e",
              "parentUUID": "2b9d23bc-3094-4441-9e3b-8c4aec6fac0c",
              "isHook": false,
              "skipped": false
            },
            {
              "title": "Verifica se cada cor individual da paleta de cores possui a `classe` chamada `color`.",
              "fullTitle": "2 - Adicione à página uma paleta contendo quatro cores distintas Verifica se cada cor individual da paleta de cores possui a `classe` chamada `color`.",
              "timedOut": null,
              "duration": 237,
              "state": "passed",
              "speed": "slow",
              "pass": true,
              "fail": false,
              "pending": false,
              "context": null,
              "code": "cy.get('.color').should('have.length', 4).then(function (colors) {\n  for (var i = 0; i < colors.length; i++) {\n    cy.wrap(colors[i]).should('be.visible');\n  }\n});",
              "err": {},
              "uuid": "7fcfed5d-0acb-4c82-8923-3d928fb2b36c",
              "parentUUID": "2b9d23bc-3094-4441-9e3b-8c4aec6fac0c",
              "isHook": false,
              "skipped": false
            },
            {
              "title": "Verifica se a cor de fundo de cada elemento da paleta é a cor que o elemento representa. **A única cor não permitida na paleta é a cor branca.**",
              "fullTitle": "2 - Adicione à página uma paleta contendo quatro cores distintas Verifica se a cor de fundo de cada elemento da paleta é a cor que o elemento representa. **A única cor não permitida na paleta é a cor branca.**",
              "timedOut": null,
              "duration": 209,
              "state": "passed",
              "speed": "slow",
              "pass": true,
              "fail": false,
              "pending": false,
              "context": null,
              "code": "cy.get('.color').each(function (color) {\n  cy.wrap(color).should('have.class', 'color').and('not.have.css', 'background-color', WHITE);\n  cy.wrap(color).should('have.css', 'background-color');\n});",
              "err": {},
              "uuid": "43a2e6b5-9ce1-474e-ab3e-bb69c49b9bee",
              "parentUUID": "2b9d23bc-3094-4441-9e3b-8c4aec6fac0c",
              "isHook": false,
              "skipped": false
            },
            {
              "title": "Verifica se cada elemento da paleta de cores tem uma borda preta, sólida e com 1 pixel de largura;",
              "fullTitle": "2 - Adicione à página uma paleta contendo quatro cores distintas Verifica se cada elemento da paleta de cores tem uma borda preta, sólida e com 1 pixel de largura;",
              "timedOut": null,
              "duration": 243,
              "state": "passed",
              "speed": "slow",
              "pass": true,
              "fail": false,
              "pending": false,
              "context": null,
              "code": "cy.get('.color').each(function (color) {\n  cy.wrap(color).and('have.css', 'border', \"1px solid \".concat(BLACK)).and('have.class', 'color');\n});",
              "err": {},
              "uuid": "9e59746b-334e-4908-a8b5-47b4280d5a21",
              "parentUUID": "2b9d23bc-3094-4441-9e3b-8c4aec6fac0c",
              "isHook": false,
              "skipped": false
            },
            {
              "title": "Verifica se a paleta lista todas as cores disponíveis para utilização, lado a lado.",
              "fullTitle": "2 - Adicione à página uma paleta contendo quatro cores distintas Verifica se a paleta lista todas as cores disponíveis para utilização, lado a lado.",
              "timedOut": null,
              "duration": 287,
              "state": "passed",
              "speed": "slow",
              "pass": true,
              "fail": false,
              "pending": false,
              "context": null,
              "code": "cy.get('.color').then(function (colors) {\n  for (var index = 1; index < colors.length; index += 1) {\n    var currentColor = colors[index];\n    var previousColor = colors[index - 1];\n    cy.wrap(currentColor).should('be.onTheRightOf', previousColor).and('be.horizontallyAlignedWith', previousColor);\n  }\n});",
              "err": {},
              "uuid": "f1cef058-f14b-4abd-ba97-0f41a003bd4f",
              "parentUUID": "2b9d23bc-3094-4441-9e3b-8c4aec6fac0c",
              "isHook": false,
              "skipped": false
            },
            {
              "title": "Verifica se a paleta de cores está posicionada abaixo do título 'Paleta de Cores'",
              "fullTitle": "2 - Adicione à página uma paleta contendo quatro cores distintas Verifica se a paleta de cores está posicionada abaixo do título 'Paleta de Cores'",
              "timedOut": null,
              "duration": 114,
              "state": "passed",
              "speed": "slow",
              "pass": true,
              "fail": false,
              "pending": false,
              "context": null,
              "code": "cy.get('h1#title').then(function (title) {\n  cy.get('#color-palette').should('be.belowOf', title);\n});",
              "err": {},
              "uuid": "85d0e801-14ec-463a-9820-91c44e9b71eb",
              "parentUUID": "2b9d23bc-3094-4441-9e3b-8c4aec6fac0c",
              "isHook": false,
              "skipped": false
            },
            {
              "title": "Verifica se a paleta de cores não contém cores repetidas.",
              "fullTitle": "2 - Adicione à página uma paleta contendo quatro cores distintas Verifica se a paleta de cores não contém cores repetidas.",
              "timedOut": null,
              "duration": 149,
              "state": "passed",
              "speed": "slow",
              "pass": true,
              "fail": false,
              "pending": false,
              "context": null,
              "code": "cy.get('.color').then(function (colors) {\n  var allColors = Array.from(colors).map(function (color) {\n    return Cypress.$(color).css('background-color');\n  });\n  cy.log(allColors);\n  var uniqColors = (0, _toConsumableArray2[\"default\"])(new Set(allColors));\n  cy.log(uniqColors);\n  expect(allColors.length).to.eq(uniqColors.length);\n});",
              "err": {},
              "uuid": "178951de-9d49-4b33-8803-2cb2ca53023b",
              "parentUUID": "2b9d23bc-3094-4441-9e3b-8c4aec6fac0c",
              "isHook": false,
              "skipped": false
            }
          ],
          "suites": [],
          "passes": [
            "3a885a39-4c3c-4179-b25b-53e21595068e",
            "7fcfed5d-0acb-4c82-8923-3d928fb2b36c",
            "43a2e6b5-9ce1-474e-ab3e-bb69c49b9bee",
            "9e59746b-334e-4908-a8b5-47b4280d5a21",
            "f1cef058-f14b-4abd-ba97-0f41a003bd4f",
            "85d0e801-14ec-463a-9820-91c44e9b71eb",
            "178951de-9d49-4b33-8803-2cb2ca53023b"
          ],
          "failures": [],
          "pending": [],
          "skipped": [],
          "duration": 1608,
          "root": false,
          "rootEmpty": false,
          "_timeout": 2000
        },
        {
          "uuid": "07d94561-2921-45a6-8c3d-6d62929392f1",
          "title": "3 - Adicione a cor **preta** como a primeira cor da paleta de cores",
          "fullFile": "",
          "file": "",
          "beforeHooks": [],
          "afterHooks": [],
          "tests": [
            {
              "title": "Verifica se a primeira cor da paleta é preta",
              "fullTitle": "3 - Adicione a cor **preta** como a primeira cor da paleta de cores Verifica se a primeira cor da paleta é preta",
              "timedOut": null,
              "duration": 160,
              "state": "passed",
              "speed": "slow",
              "pass": true,
              "fail": false,
              "pending": false,
              "context": null,
              "code": "cy.get('.color').first().should('have.css', 'background-color', BLACK);",
              "err": {},
              "uuid": "5e02d2a9-0a7d-48fb-b30e-fbf9932cd881",
              "parentUUID": "07d94561-2921-45a6-8c3d-6d62929392f1",
              "isHook": false,
              "skipped": false
            },
            {
              "title": "Verifica se as demais cores podem ser escolhidas livremente.",
              "fullTitle": "3 - Adicione a cor **preta** como a primeira cor da paleta de cores Verifica se as demais cores podem ser escolhidas livremente.",
              "timedOut": null,
              "duration": 289,
              "state": "passed",
              "speed": "slow",
              "pass": true,
              "fail": false,
              "pending": false,
              "context": null,
              "code": "cy.get('.color').eq(1).should('not.have.css', 'background-color', BLACK);\ncy.get('.color').eq(1).should('not.have.css', 'background-color', WHITE);\ncy.get('.color').eq(1).should('not.have.css', 'background-color', 'rgba(0, 0, 0, 0)');\ncy.get('.color').eq(1).should('have.css', 'background-color');\ncy.get('.color').eq(2).should('not.have.css', 'background-color', BLACK);\ncy.get('.color').eq(2).should('not.have.css', 'background-color', WHITE);\ncy.get('.color').eq(2).should('not.have.css', 'background-color', 'rgba(0, 0, 0, 0)');\ncy.get('.color').eq(2).should('have.css', 'background-color');\ncy.get('.color').eq(3).should('not.have.css', 'background-color', BLACK);\ncy.get('.color').eq(3).should('not.have.css', 'background-color', WHITE);\ncy.get('.color').eq(3).should('not.have.css', 'background-color', 'rgba(0, 0, 0, 0)');\ncy.get('.color').eq(3).should('have.css', 'background-color');",
              "err": {},
              "uuid": "fde9384a-1bb0-4dc4-ab70-7c1f473b1d9f",
              "parentUUID": "07d94561-2921-45a6-8c3d-6d62929392f1",
              "isHook": false,
              "skipped": false
            }
          ],
          "suites": [],
          "passes": [
            "5e02d2a9-0a7d-48fb-b30e-fbf9932cd881",
            "fde9384a-1bb0-4dc4-ab70-7c1f473b1d9f"
          ],
          "failures": [],
          "pending": [],
          "skipped": [],
          "duration": 449,
          "root": false,
          "rootEmpty": false,
          "_timeout": 2000
        },
        {
          "uuid": "eaa67d28-509d-46d4-beea-06120087a109",
          "title": "4 - Adicione à página um quadro contendo 25 pixels",
          "fullFile": "",
          "file": "",
          "beforeHooks": [],
          "afterHooks": [],
          "tests": [
            {
              "title": "Verifica se o quadro de pixels possui o `id` denominado `pixel-board`",
              "fullTitle": "4 - Adicione à página um quadro contendo 25 pixels Verifica se o quadro de pixels possui o `id` denominado `pixel-board`",
              "timedOut": null,
              "duration": 127,
              "state": "passed",
              "speed": "slow",
              "pass": true,
              "fail": false,
              "pending": false,
              "context": null,
              "code": "cy.get('#pixel-board').should('be.visible');",
              "err": {},
              "uuid": "d0a2ffc6-5835-4f54-b488-d8b98a926b2b",
              "parentUUID": "eaa67d28-509d-46d4-beea-06120087a109",
              "isHook": false,
              "skipped": false
            },
            {
              "title": "Verifica se cada pixel individual dentro do quadro possui a `classe` denominada `pixel`.",
              "fullTitle": "4 - Adicione à página um quadro contendo 25 pixels Verifica se cada pixel individual dentro do quadro possui a `classe` denominada `pixel`.",
              "timedOut": null,
              "duration": 183,
              "state": "passed",
              "speed": "slow",
              "pass": true,
              "fail": false,
              "pending": false,
              "context": null,
              "code": "cy.get('.pixel').should('have.length', 25);",
              "err": {},
              "uuid": "87d791bc-f491-4948-809b-e706acd86d08",
              "parentUUID": "eaa67d28-509d-46d4-beea-06120087a109",
              "isHook": false,
              "skipped": false
            },
            {
              "title": "Verifica se a cor inicial dos pixels dentro do quadro, ao abrir a página, é branca.",
              "fullTitle": "4 - Adicione à página um quadro contendo 25 pixels Verifica se a cor inicial dos pixels dentro do quadro, ao abrir a página, é branca.",
              "timedOut": null,
              "duration": 233,
              "state": "passed",
              "speed": "slow",
              "pass": true,
              "fail": false,
              "pending": false,
              "context": null,
              "code": "cy.get('.pixel').should('have.length', 25).each(function (pixel) {\n  expect(pixel).to.have.css('background-color', WHITE);\n});",
              "err": {},
              "uuid": "20a84cef-56a2-44a5-beda-e7c4c2e84f33",
              "parentUUID": "eaa67d28-509d-46d4-beea-06120087a109",
              "isHook": false,
              "skipped": false
            },
            {
              "title": "Verifica se o quadro de pixels aparece abaixo da paleta de cores",
              "fullTitle": "4 - Adicione à página um quadro contendo 25 pixels Verifica se o quadro de pixels aparece abaixo da paleta de cores",
              "timedOut": null,
              "duration": 111,
              "state": "passed",
              "speed": "slow",
              "pass": true,
              "fail": false,
              "pending": false,
              "context": null,
              "code": "cy.get('#color-palette').then(function (palette) {\n  cy.get('#pixel-board').should('be.belowOf', palette);\n});",
              "err": {},
              "uuid": "1dcd2080-a566-4bc4-9561-db7ac967614e",
              "parentUUID": "eaa67d28-509d-46d4-beea-06120087a109",
              "isHook": false,
              "skipped": false
            }
          ],
          "suites": [],
          "passes": [
            "d0a2ffc6-5835-4f54-b488-d8b98a926b2b",
            "87d791bc-f491-4948-809b-e706acd86d08",
            "20a84cef-56a2-44a5-beda-e7c4c2e84f33",
            "1dcd2080-a566-4bc4-9561-db7ac967614e"
          ],
          "failures": [],
          "pending": [],
          "skipped": [],
          "duration": 654,
          "root": false,
          "rootEmpty": false,
          "_timeout": 2000
        },
        {
          "uuid": "dea43b7b-dbf9-4e5d-959c-0ab7496bd2f5",
          "title": "5 - Faça com que cada elemento do quadro de pixels possua 40 pixels de largura, 40 pixels de altura e seja delimitado por uma borda preta de 1 pixel",
          "fullFile": "",
          "file": "",
          "beforeHooks": [],
          "afterHooks": [],
          "tests": [
            {
              "title": "Verifica se o quadro de pixels tem altura e comprimento de 5 elementos",
              "fullTitle": "5 - Faça com que cada elemento do quadro de pixels possua 40 pixels de largura, 40 pixels de altura e seja delimitado por uma borda preta de 1 pixel Verifica se o quadro de pixels tem altura e comprimento de 5 elementos",
              "timedOut": null,
              "duration": 413,
              "state": "passed",
              "speed": "slow",
              "pass": true,
              "fail": false,
              "pending": false,
              "context": null,
              "code": "cy.get('.pixel').should('have.length', 25).each(function (pixel) {\n  expect(pixel).to.have.css('background-color', WHITE);\n}).and(function (pixels) {\n  var rows = chunk(pixels, 5);\n  rows.forEach(function (row) {\n    for (var index = 1; index < row.length; index += 1) {\n      var current = pixels[index];\n      var previous = pixels[index - 1];\n      cy.wrap(current).should('be.onTheRightOf', previous).and('be.horizontallyAlignedWith', previous);\n    }\n  });\n  for (var index = 1; index < 5; index += 1) {\n    expect(pixels[index * 5]).to.be.belowOf(pixels[(index - 1) * 5]);\n  }\n});",
              "err": {},
              "uuid": "3b715322-4ae3-4fb9-a6e4-c927e93c3b7a",
              "parentUUID": "dea43b7b-dbf9-4e5d-959c-0ab7496bd2f5",
              "isHook": false,
              "skipped": false
            },
            {
              "title": "Verifica se 40 pixels é o tamanho total do elemento, incluindo seu conteúdo e excluindo a borda preta, que deve ser criada à parte.",
              "fullTitle": "5 - Faça com que cada elemento do quadro de pixels possua 40 pixels de largura, 40 pixels de altura e seja delimitado por uma borda preta de 1 pixel Verifica se 40 pixels é o tamanho total do elemento, incluindo seu conteúdo e excluindo a borda preta, que deve ser criada à parte.",
              "timedOut": null,
              "duration": 440,
              "state": "passed",
              "speed": "slow",
              "pass": true,
              "fail": false,
              "pending": false,
              "context": null,
              "code": "cy.get('.pixel').each(function (pixel) {\n  cy.wrap(pixel).should('have.css', 'height', '40px').and('have.css', 'width', '40px').and('have.css', 'border', \"1px solid \".concat(BLACK));\n});",
              "err": {},
              "uuid": "b1d0b2fa-ef3d-4971-be96-3f3c7738bd1e",
              "parentUUID": "dea43b7b-dbf9-4e5d-959c-0ab7496bd2f5",
              "isHook": false,
              "skipped": false
            }
          ],
          "suites": [],
          "passes": [
            "3b715322-4ae3-4fb9-a6e4-c927e93c3b7a",
            "b1d0b2fa-ef3d-4971-be96-3f3c7738bd1e"
          ],
          "failures": [],
          "pending": [],
          "skipped": [],
          "duration": 853,
          "root": false,
          "rootEmpty": false,
          "_timeout": 2000
        },
        {
          "uuid": "787c6054-1639-471d-8ad6-5a371216b741",
          "title": "6 - Defina a cor preta como cor inicial da paleta de cores. Ao carregar a página a cor preta já deve estar selecionada para pintar os pixels",
          "fullFile": "",
          "file": "",
          "beforeHooks": [],
          "afterHooks": [],
          "tests": [
            {
              "title": "Verifica se o elemento da cor preta possui, inicialmente, a `classe` `selected`",
              "fullTitle": "6 - Defina a cor preta como cor inicial da paleta de cores. Ao carregar a página a cor preta já deve estar selecionada para pintar os pixels Verifica se o elemento da cor preta possui, inicialmente, a `classe` `selected`",
              "timedOut": null,
              "duration": 119,
              "state": "passed",
              "speed": "slow",
              "pass": true,
              "fail": false,
              "pending": false,
              "context": null,
              "code": "cy.get('.selected').first().should('have.css', 'background-color', BLACK);",
              "err": {},
              "uuid": "729adfe1-7211-4908-bb5d-6cd26125a742",
              "parentUUID": "787c6054-1639-471d-8ad6-5a371216b741",
              "isHook": false,
              "skipped": false
            },
            {
              "title": "Verifica se nenhuma outra cor da paleta tem a `classe` `selected`",
              "fullTitle": "6 - Defina a cor preta como cor inicial da paleta de cores. Ao carregar a página a cor preta já deve estar selecionada para pintar os pixels Verifica se nenhuma outra cor da paleta tem a `classe` `selected`",
              "timedOut": null,
              "duration": 131,
              "state": "passed",
              "speed": "slow",
              "pass": true,
              "fail": false,
              "pending": false,
              "context": null,
              "code": "cy.get('.color:not(:first-child)').each(function (color) {\n  cy.wrap(color).should('not.have.class', 'selected');\n});",
              "err": {},
              "uuid": "072c8abd-b042-473b-911b-dd06257c5fb1",
              "parentUUID": "787c6054-1639-471d-8ad6-5a371216b741",
              "isHook": false,
              "skipped": false
            }
          ],
          "suites": [],
          "passes": [
            "729adfe1-7211-4908-bb5d-6cd26125a742",
            "072c8abd-b042-473b-911b-dd06257c5fb1"
          ],
          "failures": [],
          "pending": [],
          "skipped": [],
          "duration": 250,
          "root": false,
          "rootEmpty": false,
          "_timeout": 2000
        },
        {
          "uuid": "6ee01101-be84-4c6c-a8c8-8d08ed7c24f5",
          "title": "7 - Crie uma função para selecionar uma cor na paleta de cores e preencher os pixels no quadro",
          "fullFile": "",
          "file": "",
          "beforeHooks": [],
          "afterHooks": [],
          "tests": [
            {
              "title": "Verifica se somente uma cor da paleta de cores tem a classe `selected` de cada vez",
              "fullTitle": "7 - Crie uma função para selecionar uma cor na paleta de cores e preencher os pixels no quadro Verifica se somente uma cor da paleta de cores tem a classe `selected` de cada vez",
              "timedOut": null,
              "duration": 591,
              "state": "passed",
              "speed": "slow",
              "pass": true,
              "fail": false,
              "pending": false,
              "context": null,
              "code": "cy.get('.color').each(function (selectedColor, selectedColorIndex) {\n  cy.wrap(selectedColor).click();\n  cy.get('.color').each(function (color, colorIndex) {\n    if (colorIndex === selectedColorIndex) {\n      expect(color).to.have[\"class\"]('selected');\n    } else {\n      expect(color).not.to.have[\"class\"]('selected');\n    }\n  });\n});",
              "err": {},
              "uuid": "706f1575-fad4-492c-9f3a-8c37aecdd4db",
              "parentUUID": "6ee01101-be84-4c6c-a8c8-8d08ed7c24f5",
              "isHook": false,
              "skipped": false
            },
            {
              "title": "Verifica se os pixels dentro do quadro não têm a classe `selected` quando são clicados",
              "fullTitle": "7 - Crie uma função para selecionar uma cor na paleta de cores e preencher os pixels no quadro Verifica se os pixels dentro do quadro não têm a classe `selected` quando são clicados",
              "timedOut": null,
              "duration": 9897,
              "state": "passed",
              "speed": "slow",
              "pass": true,
              "fail": false,
              "pending": false,
              "context": null,
              "code": "cy.get('.color').each(function (color) {\n  var backgroundColor = color.css('background-color');\n  cy.wrap(color).click();\n  cy.get('.pixel').each(function (pixel) {\n    cy.wrap(pixel).click().should('not.have.class', 'selected');\n  });\n});",
              "err": {},
              "uuid": "a2bc84a6-99e3-4cf0-8bb4-92bdf0523bc0",
              "parentUUID": "6ee01101-be84-4c6c-a8c8-8d08ed7c24f5",
              "isHook": false,
              "skipped": false
            }
          ],
          "suites": [],
          "passes": [
            "706f1575-fad4-492c-9f3a-8c37aecdd4db",
            "a2bc84a6-99e3-4cf0-8bb4-92bdf0523bc0"
          ],
          "failures": [],
          "pending": [],
          "skipped": [],
          "duration": 10488,
          "root": false,
          "rootEmpty": false,
          "_timeout": 2000
        },
        {
          "uuid": "7c3bf3fc-ab9d-4cdb-bca8-37df614f8fd6",
          "title": "8 - Crie uma função que permita preencher um pixel do quadro com a cor selecionada na paleta de cores",
          "fullFile": "",
          "file": "",
          "beforeHooks": [],
          "afterHooks": [],
          "tests": [
            {
              "title": "Verifica se ao carregar a página deve ser possível pintar os pixels de preto",
              "fullTitle": "8 - Crie uma função que permita preencher um pixel do quadro com a cor selecionada na paleta de cores Verifica se ao carregar a página deve ser possível pintar os pixels de preto",
              "timedOut": null,
              "duration": 2609,
              "state": "passed",
              "speed": "slow",
              "pass": true,
              "fail": false,
              "pending": false,
              "context": null,
              "code": "cy.get('.pixel').each(function (pixel) {\n  cy.wrap(pixel).click().should('have.css', 'background-color', BLACK);\n});",
              "err": {},
              "uuid": "74b3579d-162f-426e-8ba0-96cada53e43b",
              "parentUUID": "7c3bf3fc-ab9d-4cdb-bca8-37df614f8fd6",
              "isHook": false,
              "skipped": false
            },
            {
              "title": "Verifica se após selecionar uma outra cor na paleta, é possível pintar os pixels com essa cor",
              "fullTitle": "8 - Crie uma função que permita preencher um pixel do quadro com a cor selecionada na paleta de cores Verifica se após selecionar uma outra cor na paleta, é possível pintar os pixels com essa cor",
              "timedOut": null,
              "duration": 9931,
              "state": "passed",
              "speed": "slow",
              "pass": true,
              "fail": false,
              "pending": false,
              "context": null,
              "code": "cy.get('.color').each(function (color) {\n  var backgroundColor = color.css('background-color');\n  cy.wrap(color).click();\n  cy.get('.pixel').each(function (pixel) {\n    cy.wrap(pixel).click().should('have.css', 'background-color', backgroundColor);\n  });\n});",
              "err": {},
              "uuid": "1979fd6e-99ee-495a-bc41-5f6966d13f78",
              "parentUUID": "7c3bf3fc-ab9d-4cdb-bca8-37df614f8fd6",
              "isHook": false,
              "skipped": false
            },
            {
              "title": "Verifica se somente o pixel que foi clicado foi preenchido com a cor selecionada, sem influenciar na cor dos demais pixels.",
              "fullTitle": "8 - Crie uma função que permita preencher um pixel do quadro com a cor selecionada na paleta de cores Verifica se somente o pixel que foi clicado foi preenchido com a cor selecionada, sem influenciar na cor dos demais pixels.",
              "timedOut": null,
              "duration": 1905,
              "state": "passed",
              "speed": "slow",
              "pass": true,
              "fail": false,
              "pending": false,
              "context": null,
              "code": "var colorToPixelIndexMap = {\n  0: 6,\n  1: 8,\n  2: 16,\n  3: 18\n};\ncy.get('.color').each(function (color, index) {\n  cy.wrap(color).click();\n  var backgroundColor = color.css('background-color');\n  var clickedPixelIndex = colorToPixelIndexMap[index];\n  cy.get('.pixel').eq(clickedPixelIndex).click();\n  cy.get('.pixel').eq(clickedPixelIndex - 1).should('not.have.css', 'background-color', backgroundColor);\n  cy.get('.pixel').eq(clickedPixelIndex + 1).should('not.have.css', 'background-color', backgroundColor);\n  cy.get('.pixel').eq(clickedPixelIndex - 5).should('not.have.css', 'background-color', backgroundColor);\n  cy.get('.pixel').eq(clickedPixelIndex + 5).should('not.have.css', 'background-color', backgroundColor);\n  cy.get('.pixel').eq(clickedPixelIndex - 6).should('not.have.css', 'background-color', backgroundColor);\n  cy.get('.pixel').eq(clickedPixelIndex - 4).should('not.have.css', 'background-color', backgroundColor);\n  cy.get('.pixel').eq(clickedPixelIndex + 4).should('not.have.css', 'background-color', backgroundColor);\n  cy.get('.pixel').eq(clickedPixelIndex + 6).should('not.have.css', 'background-color', backgroundColor);\n});",
              "err": {},
              "uuid": "fb0982ac-d750-4686-a7a9-56ee9ddeaf2f",
              "parentUUID": "7c3bf3fc-ab9d-4cdb-bca8-37df614f8fd6",
              "isHook": false,
              "skipped": false
            }
          ],
          "suites": [],
          "passes": [
            "74b3579d-162f-426e-8ba0-96cada53e43b",
            "1979fd6e-99ee-495a-bc41-5f6966d13f78",
            "fb0982ac-d750-4686-a7a9-56ee9ddeaf2f"
          ],
          "failures": [],
          "pending": [],
          "skipped": [],
          "duration": 14445,
          "root": false,
          "rootEmpty": false,
          "_timeout": 2000
        },
        {
          "uuid": "128b1671-9db5-471b-a4d1-e4117fb9b156",
          "title": "9 - Crie um botão que, ao ser clicado, limpa o quadro preenchendo a cor de todos seus pixels com branco",
          "fullFile": "",
          "file": "",
          "beforeHooks": [],
          "afterHooks": [],
          "tests": [
            {
              "title": "Verifica se o botão tem o `id` denominado `clear-board`",
              "fullTitle": "9 - Crie um botão que, ao ser clicado, limpa o quadro preenchendo a cor de todos seus pixels com branco Verifica se o botão tem o `id` denominado `clear-board`",
              "timedOut": null,
              "duration": 286,
              "state": "passed",
              "speed": "slow",
              "pass": true,
              "fail": false,
              "pending": false,
              "context": null,
              "code": "cy.get('#clear-board').should('be.visible');",
              "err": {},
              "uuid": "2ecc2116-da4e-4678-9c9f-ff02b496d5ba",
              "parentUUID": "128b1671-9db5-471b-a4d1-e4117fb9b156",
              "isHook": false,
              "skipped": false
            },
            {
              "title": "Verifica se o botão está posicionado entre a paleta de cores e o quadro de pixels",
              "fullTitle": "9 - Crie um botão que, ao ser clicado, limpa o quadro preenchendo a cor de todos seus pixels com branco Verifica se o botão está posicionado entre a paleta de cores e o quadro de pixels",
              "timedOut": null,
              "duration": 133,
              "state": "passed",
              "speed": "slow",
              "pass": true,
              "fail": false,
              "pending": false,
              "context": null,
              "code": "cy.get('#color-palette').then(function (palette) {\n  cy.get('#clear-board').should('be.belowOf', palette);\n});\ncy.get('#clear-board').then(function (clearBtn) {\n  cy.get('#pixel-board').should('be.belowOf', clearBtn);\n});",
              "err": {},
              "uuid": "508c63d4-1b7d-4c07-a0ca-f1c40387efd2",
              "parentUUID": "128b1671-9db5-471b-a4d1-e4117fb9b156",
              "isHook": false,
              "skipped": false
            },
            {
              "title": "Verifica se o texto do botão é 'Limpar'",
              "fullTitle": "9 - Crie um botão que, ao ser clicado, limpa o quadro preenchendo a cor de todos seus pixels com branco Verifica se o texto do botão é 'Limpar'",
              "timedOut": null,
              "duration": 108,
              "state": "passed",
              "speed": "slow",
              "pass": true,
              "fail": false,
              "pending": false,
              "context": null,
              "code": "cy.get('#clear-board').should('contain.text', 'Limpar');",
              "err": {},
              "uuid": "1128772f-1d61-46aa-94cf-7c4da6191a87",
              "parentUUID": "128b1671-9db5-471b-a4d1-e4117fb9b156",
              "isHook": false,
              "skipped": false
            },
            {
              "title": "Verifica se ao clicar no botão, o quadro de pixels é totalmente preenchido de branco",
              "fullTitle": "9 - Crie um botão que, ao ser clicado, limpa o quadro preenchendo a cor de todos seus pixels com branco Verifica se ao clicar no botão, o quadro de pixels é totalmente preenchido de branco",
              "timedOut": null,
              "duration": 2769,
              "state": "passed",
              "speed": "slow",
              "pass": true,
              "fail": false,
              "pending": false,
              "context": null,
              "code": "cy.get('.color').eq(1).then(function (color) {\n  var backgroundColor = color.css('background-color');\n  cy.wrap(color).click();\n  cy.get('.pixel').each(function (pixel) {\n    cy.wrap(pixel).click().should('have.css', 'background-color', backgroundColor);\n  });\n});\ncy.get('#clear-board').click();\ncy.get('.pixel').each(function (pixel) {\n  cy.wrap(pixel).should('have.css', 'background-color', WHITE);\n});",
              "err": {},
              "uuid": "37104795-1ba1-4d51-bfea-3642d1d878b2",
              "parentUUID": "128b1671-9db5-471b-a4d1-e4117fb9b156",
              "isHook": false,
              "skipped": false
            }
          ],
          "suites": [],
          "passes": [
            "2ecc2116-da4e-4678-9c9f-ff02b496d5ba",
            "508c63d4-1b7d-4c07-a0ca-f1c40387efd2",
            "1128772f-1d61-46aa-94cf-7c4da6191a87",
            "37104795-1ba1-4d51-bfea-3642d1d878b2"
          ],
          "failures": [],
          "pending": [],
          "skipped": [],
          "duration": 3296,
          "root": false,
          "rootEmpty": false,
          "_timeout": 2000
        },
        {
          "uuid": "ef1b093f-4ef2-4ca3-9948-b16c643d1f6e",
          "title": "10 - Crie um input que permita à pessoa usuária preencher um novo tamanho para o quadro de pixels",
          "fullFile": "",
          "file": "",
          "beforeHooks": [],
          "afterHooks": [],
          "tests": [
            {
              "title": "Verifica se existe um input com o id `board-size`",
              "fullTitle": "10 - Crie um input que permita à pessoa usuária preencher um novo tamanho para o quadro de pixels Verifica se existe um input com o id `board-size`",
              "timedOut": null,
              "duration": 4545,
              "state": "failed",
              "speed": null,
              "pass": false,
              "fail": true,
              "pending": false,
              "context": null,
              "code": "cy.get('#board-size').should('be.visible');",
              "err": {
                "message": "CypressError: Timed out retrying: Expected to find element: '#board-size', but never found it.",
                "estack": "CypressError: Timed out retrying: Expected to find element: '#board-size', but never found it.\n    at cypressErr (http://localhost:42379/__cypress/runner/cypress_runner.js:149934:9)\n    at throwErr (http://localhost:42379/__cypress/runner/cypress_runner.js:149867:11)\n    at Object.throwErrByPath (http://localhost:42379/__cypress/runner/cypress_runner.js:149915:3)\n    at retry (http://localhost:42379/__cypress/runner/cypress_runner.js:144197:19)\n    at onFailFn (http://localhost:42379/__cypress/runner/cypress_runner.js:132448:16)\n    at tryCatcher (http://localhost:42379/__cypress/runner/cypress_runner.js:167415:23)\n    at Promise._settlePromiseFromHandler (http://localhost:42379/__cypress/runner/cypress_runner.js:165351:31)\n    at Promise._settlePromise (http://localhost:42379/__cypress/runner/cypress_runner.js:165408:18)\n    at Promise._settlePromise0 (http://localhost:42379/__cypress/runner/cypress_runner.js:165453:10)\n    at Promise._settlePromises (http://localhost:42379/__cypress/runner/cypress_runner.js:165528:18)\n    at Async../node_modules/bluebird/js/release/async.js.Async._drainQueue (http://localhost:42379/__cypress/runner/cypress_runner.js:162140:16)\n    at Async../node_modules/bluebird/js/release/async.js.Async._drainQueues (http://localhost:42379/__cypress/runner/cypress_runner.js:162150:10)\n    at Async.drainQueues (http://localhost:42379/__cypress/runner/cypress_runner.js:162024:14)",
                "diff": null
              },
              "uuid": "ac58a270-c187-4f53-ad1e-0385506244ae",
              "parentUUID": "ef1b093f-4ef2-4ca3-9948-b16c643d1f6e",
              "isHook": false,
              "skipped": false
            },
            {
              "title": "Verifica se existe um botão com o id `generate-board`",
              "fullTitle": "10 - Crie um input que permita à pessoa usuária preencher um novo tamanho para o quadro de pixels Verifica se existe um botão com o id `generate-board`",
              "timedOut": null,
              "duration": 4597,
              "state": "failed",
              "speed": null,
              "pass": false,
              "fail": true,
              "pending": false,
              "context": null,
              "code": "cy.get('#generate-board').should('be.visible');",
              "err": {
                "message": "CypressError: Timed out retrying: Expected to find element: '#generate-board', but never found it.",
                "estack": "CypressError: Timed out retrying: Expected to find element: '#generate-board', but never found it.\n    at cypressErr (http://localhost:42379/__cypress/runner/cypress_runner.js:149934:9)\n    at throwErr (http://localhost:42379/__cypress/runner/cypress_runner.js:149867:11)\n    at Object.throwErrByPath (http://localhost:42379/__cypress/runner/cypress_runner.js:149915:3)\n    at retry (http://localhost:42379/__cypress/runner/cypress_runner.js:144197:19)\n    at onFailFn (http://localhost:42379/__cypress/runner/cypress_runner.js:132448:16)\n    at tryCatcher (http://localhost:42379/__cypress/runner/cypress_runner.js:167415:23)\n    at Promise._settlePromiseFromHandler (http://localhost:42379/__cypress/runner/cypress_runner.js:165351:31)\n    at Promise._settlePromise (http://localhost:42379/__cypress/runner/cypress_runner.js:165408:18)\n    at Promise._settlePromise0 (http://localhost:42379/__cypress/runner/cypress_runner.js:165453:10)\n    at Promise._settlePromises (http://localhost:42379/__cypress/runner/cypress_runner.js:165528:18)\n    at Async../node_modules/bluebird/js/release/async.js.Async._drainQueue (http://localhost:42379/__cypress/runner/cypress_runner.js:162140:16)\n    at Async../node_modules/bluebird/js/release/async.js.Async._drainQueues (http://localhost:42379/__cypress/runner/cypress_runner.js:162150:10)\n    at Async.drainQueues (http://localhost:42379/__cypress/runner/cypress_runner.js:162024:14)",
                "diff": null
              },
              "uuid": "c2cda356-ade2-4cdf-8ca0-d5eb79d5249d",
              "parentUUID": "ef1b093f-4ef2-4ca3-9948-b16c643d1f6e",
              "isHook": false,
              "skipped": false
            },
            {
              "title": "Verifica se o input só aceita número maiores que zero. Essa restrição deve ser feita usando os atributos do elemento `input`",
              "fullTitle": "10 - Crie um input que permita à pessoa usuária preencher um novo tamanho para o quadro de pixels Verifica se o input só aceita número maiores que zero. Essa restrição deve ser feita usando os atributos do elemento `input`",
              "timedOut": null,
              "duration": 4630,
              "state": "failed",
              "speed": null,
              "pass": false,
              "fail": true,
              "pending": false,
              "context": null,
              "code": "cy.get('#board-size[type=\\'number\\'][min=\\'1\\']');",
              "err": {
                "message": "CypressError: Timed out retrying: Expected to find element: '#board-size[type='number'][min='1']', but never found it.",
                "estack": "CypressError: Timed out retrying: Expected to find element: '#board-size[type='number'][min='1']', but never found it.\n    at cypressErr (http://localhost:42379/__cypress/runner/cypress_runner.js:149934:9)\n    at throwErr (http://localhost:42379/__cypress/runner/cypress_runner.js:149867:11)\n    at Object.throwErrByPath (http://localhost:42379/__cypress/runner/cypress_runner.js:149915:3)\n    at retry (http://localhost:42379/__cypress/runner/cypress_runner.js:144197:19)\n    at onFailFn (http://localhost:42379/__cypress/runner/cypress_runner.js:132448:16)\n    at tryCatcher (http://localhost:42379/__cypress/runner/cypress_runner.js:167415:23)\n    at Promise._settlePromiseFromHandler (http://localhost:42379/__cypress/runner/cypress_runner.js:165351:31)\n    at Promise._settlePromise (http://localhost:42379/__cypress/runner/cypress_runner.js:165408:18)\n    at Promise._settlePromise0 (http://localhost:42379/__cypress/runner/cypress_runner.js:165453:10)\n    at Promise._settlePromises (http://localhost:42379/__cypress/runner/cypress_runner.js:165528:18)\n    at Async../node_modules/bluebird/js/release/async.js.Async._drainQueue (http://localhost:42379/__cypress/runner/cypress_runner.js:162140:16)\n    at Async../node_modules/bluebird/js/release/async.js.Async._drainQueues (http://localhost:42379/__cypress/runner/cypress_runner.js:162150:10)\n    at Async.drainQueues (http://localhost:42379/__cypress/runner/cypress_runner.js:162024:14)",
                "diff": null
              },
              "uuid": "a1e76936-d0d7-4d5f-87bf-63ff9cbca30a",
              "parentUUID": "ef1b093f-4ef2-4ca3-9948-b16c643d1f6e",
              "isHook": false,
              "skipped": false
            },
            {
              "title": "Verifica se o botão contém o texto 'VQV'",
              "fullTitle": "10 - Crie um input que permita à pessoa usuária preencher um novo tamanho para o quadro de pixels Verifica se o botão contém o texto 'VQV'",
              "timedOut": null,
              "duration": 4454,
              "state": "failed",
              "speed": null,
              "pass": false,
              "fail": true,
              "pending": false,
              "context": null,
              "code": "cy.get('#generate-board').contains(/vqv/i);",
              "err": {
                "message": "CypressError: Timed out retrying: Expected to find element: '#generate-board', but never found it.",
                "estack": "CypressError: Timed out retrying: Expected to find element: '#generate-board', but never found it.\n    at cypressErr (http://localhost:42379/__cypress/runner/cypress_runner.js:149934:9)\n    at throwErr (http://localhost:42379/__cypress/runner/cypress_runner.js:149867:11)\n    at Object.throwErrByPath (http://localhost:42379/__cypress/runner/cypress_runner.js:149915:3)\n    at retry (http://localhost:42379/__cypress/runner/cypress_runner.js:144197:19)\n    at onFailFn (http://localhost:42379/__cypress/runner/cypress_runner.js:132448:16)\n    at tryCatcher (http://localhost:42379/__cypress/runner/cypress_runner.js:167415:23)\n    at Promise._settlePromiseFromHandler (http://localhost:42379/__cypress/runner/cypress_runner.js:165351:31)\n    at Promise._settlePromise (http://localhost:42379/__cypress/runner/cypress_runner.js:165408:18)\n    at Promise._settlePromise0 (http://localhost:42379/__cypress/runner/cypress_runner.js:165453:10)\n    at Promise._settlePromises (http://localhost:42379/__cypress/runner/cypress_runner.js:165528:18)\n    at Async../node_modules/bluebird/js/release/async.js.Async._drainQueue (http://localhost:42379/__cypress/runner/cypress_runner.js:162140:16)\n    at Async../node_modules/bluebird/js/release/async.js.Async._drainQueues (http://localhost:42379/__cypress/runner/cypress_runner.js:162150:10)\n    at Async.drainQueues (http://localhost:42379/__cypress/runner/cypress_runner.js:162024:14)",
                "diff": null
              },
              "uuid": "36a21da4-66c8-43e4-aa3e-d4a4760115f7",
              "parentUUID": "ef1b093f-4ef2-4ca3-9948-b16c643d1f6e",
              "isHook": false,
              "skipped": false
            },
            {
              "title": "Verifica se o input está posicionado entre a paleta de cores e o quadro de pixels",
              "fullTitle": "10 - Crie um input que permita à pessoa usuária preencher um novo tamanho para o quadro de pixels Verifica se o input está posicionado entre a paleta de cores e o quadro de pixels",
              "timedOut": null,
              "duration": 4593,
              "state": "failed",
              "speed": null,
              "pass": false,
              "fail": true,
              "pending": false,
              "context": null,
              "code": "cy.get('#color-palette').then(function (palette) {\n  cy.get('#board-size').should('be.belowOf', palette);\n});\ncy.get('#board-size').then(function (palette) {\n  cy.get('#pixel-board').should('be.belowOf', palette);\n});",
              "err": {
                "message": "CypressError: Timed out retrying: Expected to find element: '#board-size', but never found it.",
                "estack": "CypressError: Timed out retrying: Expected to find element: '#board-size', but never found it.\n    at cypressErr (http://localhost:42379/__cypress/runner/cypress_runner.js:149934:9)\n    at throwErr (http://localhost:42379/__cypress/runner/cypress_runner.js:149867:11)\n    at Object.throwErrByPath (http://localhost:42379/__cypress/runner/cypress_runner.js:149915:3)\n    at retry (http://localhost:42379/__cypress/runner/cypress_runner.js:144197:19)\n    at onFailFn (http://localhost:42379/__cypress/runner/cypress_runner.js:132448:16)\n    at tryCatcher (http://localhost:42379/__cypress/runner/cypress_runner.js:167415:23)\n    at Promise._settlePromiseFromHandler (http://localhost:42379/__cypress/runner/cypress_runner.js:165351:31)\n    at Promise._settlePromise (http://localhost:42379/__cypress/runner/cypress_runner.js:165408:18)\n    at Promise._settlePromise0 (http://localhost:42379/__cypress/runner/cypress_runner.js:165453:10)\n    at Promise._settlePromises (http://localhost:42379/__cypress/runner/cypress_runner.js:165528:18)\n    at Async../node_modules/bluebird/js/release/async.js.Async._drainQueue (http://localhost:42379/__cypress/runner/cypress_runner.js:162140:16)\n    at Async../node_modules/bluebird/js/release/async.js.Async._drainQueues (http://localhost:42379/__cypress/runner/cypress_runner.js:162150:10)\n    at Async.drainQueues (http://localhost:42379/__cypress/runner/cypress_runner.js:162024:14)",
                "diff": null
              },
              "uuid": "daf7af6c-0e1d-440a-956e-af9c338848ff",
              "parentUUID": "ef1b093f-4ef2-4ca3-9948-b16c643d1f6e",
              "isHook": false,
              "skipped": false
            },
            {
              "title": "Verifica se o botão está posicionado ao lado do input",
              "fullTitle": "10 - Crie um input que permita à pessoa usuária preencher um novo tamanho para o quadro de pixels Verifica se o botão está posicionado ao lado do input",
              "timedOut": null,
              "duration": 4435,
              "state": "failed",
              "speed": null,
              "pass": false,
              "fail": true,
              "pending": false,
              "context": null,
              "code": "cy.get('#board-size').then(function (board) {\n  cy.get('#generate-board').should('be.onTheRightOf', board);\n});",
              "err": {
                "message": "CypressError: Timed out retrying: Expected to find element: '#board-size', but never found it.",
                "estack": "CypressError: Timed out retrying: Expected to find element: '#board-size', but never found it.\n    at cypressErr (http://localhost:42379/__cypress/runner/cypress_runner.js:149934:9)\n    at throwErr (http://localhost:42379/__cypress/runner/cypress_runner.js:149867:11)\n    at Object.throwErrByPath (http://localhost:42379/__cypress/runner/cypress_runner.js:149915:3)\n    at retry (http://localhost:42379/__cypress/runner/cypress_runner.js:144197:19)\n    at onFailFn (http://localhost:42379/__cypress/runner/cypress_runner.js:132448:16)\n    at tryCatcher (http://localhost:42379/__cypress/runner/cypress_runner.js:167415:23)\n    at Promise._settlePromiseFromHandler (http://localhost:42379/__cypress/runner/cypress_runner.js:165351:31)\n    at Promise._settlePromise (http://localhost:42379/__cypress/runner/cypress_runner.js:165408:18)\n    at Promise._settlePromise0 (http://localhost:42379/__cypress/runner/cypress_runner.js:165453:10)\n    at Promise._settlePromises (http://localhost:42379/__cypress/runner/cypress_runner.js:165528:18)\n    at Async../node_modules/bluebird/js/release/async.js.Async._drainQueue (http://localhost:42379/__cypress/runner/cypress_runner.js:162140:16)\n    at Async../node_modules/bluebird/js/release/async.js.Async._drainQueues (http://localhost:42379/__cypress/runner/cypress_runner.js:162150:10)\n    at Async.drainQueues (http://localhost:42379/__cypress/runner/cypress_runner.js:162024:14)",
                "diff": null
              },
              "uuid": "3b5f0798-a3bd-45f1-94d5-0add1c1a6274",
              "parentUUID": "ef1b093f-4ef2-4ca3-9948-b16c643d1f6e",
              "isHook": false,
              "skipped": false
            },
            {
              "title": "Verifica se nenhum valor for colocado no input ao clicar no botão, um `alert` é exibido com o texto: 'Board inválido!'",
              "fullTitle": "10 - Crie um input que permita à pessoa usuária preencher um novo tamanho para o quadro de pixels Verifica se nenhum valor for colocado no input ao clicar no botão, um `alert` é exibido com o texto: 'Board inválido!'",
              "timedOut": null,
              "duration": 4618,
              "state": "failed",
              "speed": null,
              "pass": false,
              "fail": true,
              "pending": false,
              "context": null,
              "code": "var alerted = false;\ncy.on('window:alert', function (msg) {\n  return alerted = msg;\n});\ncy.get('#generate-board').click().then(function () {\n  return expect(alerted).to.match(/Board inválido!/i);\n});",
              "err": {
                "message": "CypressError: Timed out retrying: Expected to find element: '#generate-board', but never found it.",
                "estack": "CypressError: Timed out retrying: Expected to find element: '#generate-board', but never found it.\n    at cypressErr (http://localhost:42379/__cypress/runner/cypress_runner.js:149934:9)\n    at throwErr (http://localhost:42379/__cypress/runner/cypress_runner.js:149867:11)\n    at Object.throwErrByPath (http://localhost:42379/__cypress/runner/cypress_runner.js:149915:3)\n    at retry (http://localhost:42379/__cypress/runner/cypress_runner.js:144197:19)\n    at onFailFn (http://localhost:42379/__cypress/runner/cypress_runner.js:132448:16)\n    at tryCatcher (http://localhost:42379/__cypress/runner/cypress_runner.js:167415:23)\n    at Promise._settlePromiseFromHandler (http://localhost:42379/__cypress/runner/cypress_runner.js:165351:31)\n    at Promise._settlePromise (http://localhost:42379/__cypress/runner/cypress_runner.js:165408:18)\n    at Promise._settlePromise0 (http://localhost:42379/__cypress/runner/cypress_runner.js:165453:10)\n    at Promise._settlePromises (http://localhost:42379/__cypress/runner/cypress_runner.js:165528:18)\n    at Async../node_modules/bluebird/js/release/async.js.Async._drainQueue (http://localhost:42379/__cypress/runner/cypress_runner.js:162140:16)\n    at Async../node_modules/bluebird/js/release/async.js.Async._drainQueues (http://localhost:42379/__cypress/runner/cypress_runner.js:162150:10)\n    at Async.drainQueues (http://localhost:42379/__cypress/runner/cypress_runner.js:162024:14)",
                "diff": null
              },
              "uuid": "fcfce2c9-2fc4-411f-a7eb-0c1b145daa8b",
              "parentUUID": "ef1b093f-4ef2-4ca3-9948-b16c643d1f6e",
              "isHook": false,
              "skipped": false
            },
            {
              "title": "Verifica se ao clicar no botão com um valor preenchido, o tamanho do board muda.",
              "fullTitle": "10 - Crie um input que permita à pessoa usuária preencher um novo tamanho para o quadro de pixels Verifica se ao clicar no botão com um valor preenchido, o tamanho do board muda.",
              "timedOut": null,
              "duration": 4446,
              "state": "failed",
              "speed": null,
              "pass": false,
              "fail": true,
              "pending": false,
              "context": null,
              "code": "cy.get('#board-size').clear().type(10);\ncy.get('#generate-board').click();\ncy.get('.pixel').should('have.length', 100);",
              "err": {
                "message": "CypressError: Timed out retrying: Expected to find element: '#board-size', but never found it.",
                "estack": "CypressError: Timed out retrying: Expected to find element: '#board-size', but never found it.\n    at cypressErr (http://localhost:42379/__cypress/runner/cypress_runner.js:149934:9)\n    at throwErr (http://localhost:42379/__cypress/runner/cypress_runner.js:149867:11)\n    at Object.throwErrByPath (http://localhost:42379/__cypress/runner/cypress_runner.js:149915:3)\n    at retry (http://localhost:42379/__cypress/runner/cypress_runner.js:144197:19)\n    at onFailFn (http://localhost:42379/__cypress/runner/cypress_runner.js:132448:16)\n    at tryCatcher (http://localhost:42379/__cypress/runner/cypress_runner.js:167415:23)\n    at Promise._settlePromiseFromHandler (http://localhost:42379/__cypress/runner/cypress_runner.js:165351:31)\n    at Promise._settlePromise (http://localhost:42379/__cypress/runner/cypress_runner.js:165408:18)\n    at Promise._settlePromise0 (http://localhost:42379/__cypress/runner/cypress_runner.js:165453:10)\n    at Promise._settlePromises (http://localhost:42379/__cypress/runner/cypress_runner.js:165528:18)\n    at Async../node_modules/bluebird/js/release/async.js.Async._drainQueue (http://localhost:42379/__cypress/runner/cypress_runner.js:162140:16)\n    at Async../node_modules/bluebird/js/release/async.js.Async._drainQueues (http://localhost:42379/__cypress/runner/cypress_runner.js:162150:10)\n    at Async.drainQueues (http://localhost:42379/__cypress/runner/cypress_runner.js:162024:14)",
                "diff": null
              },
              "uuid": "95489cf3-5983-4811-b23c-852757b506c7",
              "parentUUID": "ef1b093f-4ef2-4ca3-9948-b16c643d1f6e",
              "isHook": false,
              "skipped": false
            },
            {
              "title": "Verifica se o novo quadro tem todos os pixels preenchidos com a cor branca",
              "fullTitle": "10 - Crie um input que permita à pessoa usuária preencher um novo tamanho para o quadro de pixels Verifica se o novo quadro tem todos os pixels preenchidos com a cor branca",
              "timedOut": null,
              "duration": 4723,
              "state": "failed",
              "speed": null,
              "pass": false,
              "fail": true,
              "pending": false,
              "context": null,
              "code": "cy.get('#board-size').clear().type(6);\ncy.get('#generate-board').click();\ncy.get('.pixel').should('have.length', 36).each(function (pixel) {\n  expect(pixel).to.have.css('background-color', WHITE);\n});",
              "err": {
                "message": "CypressError: Timed out retrying: Expected to find element: '#board-size', but never found it.",
                "estack": "CypressError: Timed out retrying: Expected to find element: '#board-size', but never found it.\n    at cypressErr (http://localhost:42379/__cypress/runner/cypress_runner.js:149934:9)\n    at throwErr (http://localhost:42379/__cypress/runner/cypress_runner.js:149867:11)\n    at Object.throwErrByPath (http://localhost:42379/__cypress/runner/cypress_runner.js:149915:3)\n    at retry (http://localhost:42379/__cypress/runner/cypress_runner.js:144197:19)\n    at onFailFn (http://localhost:42379/__cypress/runner/cypress_runner.js:132448:16)\n    at tryCatcher (http://localhost:42379/__cypress/runner/cypress_runner.js:167415:23)\n    at Promise._settlePromiseFromHandler (http://localhost:42379/__cypress/runner/cypress_runner.js:165351:31)\n    at Promise._settlePromise (http://localhost:42379/__cypress/runner/cypress_runner.js:165408:18)\n    at Promise._settlePromise0 (http://localhost:42379/__cypress/runner/cypress_runner.js:165453:10)\n    at Promise._settlePromises (http://localhost:42379/__cypress/runner/cypress_runner.js:165528:18)\n    at Async../node_modules/bluebird/js/release/async.js.Async._drainQueue (http://localhost:42379/__cypress/runner/cypress_runner.js:162140:16)\n    at Async../node_modules/bluebird/js/release/async.js.Async._drainQueues (http://localhost:42379/__cypress/runner/cypress_runner.js:162150:10)\n    at Async.drainQueues (http://localhost:42379/__cypress/runner/cypress_runner.js:162024:14)",
                "diff": null
              },
              "uuid": "6c6154ee-5121-4ad4-85b6-ff31ad5789c5",
              "parentUUID": "ef1b093f-4ef2-4ca3-9948-b16c643d1f6e",
              "isHook": false,
              "skipped": false
            }
          ],
          "suites": [],
          "passes": [],
          "failures": [
            "ac58a270-c187-4f53-ad1e-0385506244ae",
            "c2cda356-ade2-4cdf-8ca0-d5eb79d5249d",
            "a1e76936-d0d7-4d5f-87bf-63ff9cbca30a",
            "36a21da4-66c8-43e4-aa3e-d4a4760115f7",
            "daf7af6c-0e1d-440a-956e-af9c338848ff",
            "3b5f0798-a3bd-45f1-94d5-0add1c1a6274",
            "fcfce2c9-2fc4-411f-a7eb-0c1b145daa8b",
            "95489cf3-5983-4811-b23c-852757b506c7",
            "6c6154ee-5121-4ad4-85b6-ff31ad5789c5"
          ],
          "pending": [],
          "skipped": [],
          "duration": 41041,
          "root": false,
          "rootEmpty": false,
          "_timeout": 2000
        },
        {
          "uuid": "94194468-cd9d-43c4-8b87-054ed0a368fa",
          "title": "11 - Crie uma função que limite o tamanho mínimo e máximo do quadro de pixels",
          "fullFile": "",
          "file": "",
          "beforeHooks": [],
          "afterHooks": [],
          "tests": [
            {
              "title": "Verifica se a altura máxima do board é 50",
              "fullTitle": "11 - Crie uma função que limite o tamanho mínimo e máximo do quadro de pixels Verifica se a altura máxima do board é 50",
              "timedOut": null,
              "duration": 4561,
              "state": "failed",
              "speed": null,
              "pass": false,
              "fail": true,
              "pending": false,
              "context": null,
              "code": "cy.get('#board-size').clear().type(50);\ncy.get('#generate-board').click();\ncy.get('.pixel').should('have.length', 2500);",
              "err": {
                "message": "CypressError: Timed out retrying: Expected to find element: '#board-size', but never found it.",
                "estack": "CypressError: Timed out retrying: Expected to find element: '#board-size', but never found it.\n    at cypressErr (http://localhost:42379/__cypress/runner/cypress_runner.js:149934:9)\n    at throwErr (http://localhost:42379/__cypress/runner/cypress_runner.js:149867:11)\n    at Object.throwErrByPath (http://localhost:42379/__cypress/runner/cypress_runner.js:149915:3)\n    at retry (http://localhost:42379/__cypress/runner/cypress_runner.js:144197:19)\n    at onFailFn (http://localhost:42379/__cypress/runner/cypress_runner.js:132448:16)\n    at tryCatcher (http://localhost:42379/__cypress/runner/cypress_runner.js:167415:23)\n    at Promise._settlePromiseFromHandler (http://localhost:42379/__cypress/runner/cypress_runner.js:165351:31)\n    at Promise._settlePromise (http://localhost:42379/__cypress/runner/cypress_runner.js:165408:18)\n    at Promise._settlePromise0 (http://localhost:42379/__cypress/runner/cypress_runner.js:165453:10)\n    at Promise._settlePromises (http://localhost:42379/__cypress/runner/cypress_runner.js:165528:18)\n    at Async../node_modules/bluebird/js/release/async.js.Async._drainQueue (http://localhost:42379/__cypress/runner/cypress_runner.js:162140:16)\n    at Async../node_modules/bluebird/js/release/async.js.Async._drainQueues (http://localhost:42379/__cypress/runner/cypress_runner.js:162150:10)\n    at Async.drainQueues (http://localhost:42379/__cypress/runner/cypress_runner.js:162024:14)",
                "diff": null
              },
              "uuid": "60f47277-4977-40e7-95d2-6c749ad42fd2",
              "parentUUID": "94194468-cd9d-43c4-8b87-054ed0a368fa",
              "isHook": false,
              "skipped": false
            },
            {
              "title": "Verifica se a altura do board é 5 quando um valor menor é colocado no input",
              "fullTitle": "11 - Crie uma função que limite o tamanho mínimo e máximo do quadro de pixels Verifica se a altura do board é 5 quando um valor menor é colocado no input",
              "timedOut": null,
              "duration": 4473,
              "state": "failed",
              "speed": null,
              "pass": false,
              "fail": true,
              "pending": false,
              "context": null,
              "code": "cy.get('#board-size').clear().type(4);\ncy.get('#generate-board').click();\ncy.get('.pixel').should('have.length', 25);",
              "err": {
                "message": "CypressError: Timed out retrying: Expected to find element: '#board-size', but never found it.",
                "estack": "CypressError: Timed out retrying: Expected to find element: '#board-size', but never found it.\n    at cypressErr (http://localhost:42379/__cypress/runner/cypress_runner.js:149934:9)\n    at throwErr (http://localhost:42379/__cypress/runner/cypress_runner.js:149867:11)\n    at Object.throwErrByPath (http://localhost:42379/__cypress/runner/cypress_runner.js:149915:3)\n    at retry (http://localhost:42379/__cypress/runner/cypress_runner.js:144197:19)\n    at onFailFn (http://localhost:42379/__cypress/runner/cypress_runner.js:132448:16)\n    at tryCatcher (http://localhost:42379/__cypress/runner/cypress_runner.js:167415:23)\n    at Promise._settlePromiseFromHandler (http://localhost:42379/__cypress/runner/cypress_runner.js:165351:31)\n    at Promise._settlePromise (http://localhost:42379/__cypress/runner/cypress_runner.js:165408:18)\n    at Promise._settlePromise0 (http://localhost:42379/__cypress/runner/cypress_runner.js:165453:10)\n    at Promise._settlePromises (http://localhost:42379/__cypress/runner/cypress_runner.js:165528:18)\n    at Async../node_modules/bluebird/js/release/async.js.Async._drainQueue (http://localhost:42379/__cypress/runner/cypress_runner.js:162140:16)\n    at Async../node_modules/bluebird/js/release/async.js.Async._drainQueues (http://localhost:42379/__cypress/runner/cypress_runner.js:162150:10)\n    at Async.drainQueues (http://localhost:42379/__cypress/runner/cypress_runner.js:162024:14)",
                "diff": null
              },
              "uuid": "710fd127-9b6d-4d96-a8f0-6ab9d675bd24",
              "parentUUID": "94194468-cd9d-43c4-8b87-054ed0a368fa",
              "isHook": false,
              "skipped": false
            },
            {
              "title": "Verifica se a altura do board é 50 quando um valor maior é colocado no input",
              "fullTitle": "11 - Crie uma função que limite o tamanho mínimo e máximo do quadro de pixels Verifica se a altura do board é 50 quando um valor maior é colocado no input",
              "timedOut": null,
              "duration": 4686,
              "state": "failed",
              "speed": null,
              "pass": false,
              "fail": true,
              "pending": false,
              "context": null,
              "code": "cy.get('#board-size').clear().type(51);\ncy.get('#generate-board').click();\ncy.get('.pixel').should('have.length', 2500);",
              "err": {
                "message": "CypressError: Timed out retrying: Expected to find element: '#board-size', but never found it.",
                "estack": "CypressError: Timed out retrying: Expected to find element: '#board-size', but never found it.\n    at cypressErr (http://localhost:42379/__cypress/runner/cypress_runner.js:149934:9)\n    at throwErr (http://localhost:42379/__cypress/runner/cypress_runner.js:149867:11)\n    at Object.throwErrByPath (http://localhost:42379/__cypress/runner/cypress_runner.js:149915:3)\n    at retry (http://localhost:42379/__cypress/runner/cypress_runner.js:144197:19)\n    at onFailFn (http://localhost:42379/__cypress/runner/cypress_runner.js:132448:16)\n    at tryCatcher (http://localhost:42379/__cypress/runner/cypress_runner.js:167415:23)\n    at Promise._settlePromiseFromHandler (http://localhost:42379/__cypress/runner/cypress_runner.js:165351:31)\n    at Promise._settlePromise (http://localhost:42379/__cypress/runner/cypress_runner.js:165408:18)\n    at Promise._settlePromise0 (http://localhost:42379/__cypress/runner/cypress_runner.js:165453:10)\n    at Promise._settlePromises (http://localhost:42379/__cypress/runner/cypress_runner.js:165528:18)\n    at Async../node_modules/bluebird/js/release/async.js.Async._drainQueue (http://localhost:42379/__cypress/runner/cypress_runner.js:162140:16)\n    at Async../node_modules/bluebird/js/release/async.js.Async._drainQueues (http://localhost:42379/__cypress/runner/cypress_runner.js:162150:10)\n    at Async.drainQueues (http://localhost:42379/__cypress/runner/cypress_runner.js:162024:14)",
                "diff": null
              },
              "uuid": "03e67742-dc6f-4aed-aa24-3f5b81ea805f",
              "parentUUID": "94194468-cd9d-43c4-8b87-054ed0a368fa",
              "isHook": false,
              "skipped": false
            }
          ],
          "suites": [],
          "passes": [],
          "failures": [
            "60f47277-4977-40e7-95d2-6c749ad42fd2",
            "710fd127-9b6d-4d96-a8f0-6ab9d675bd24",
            "03e67742-dc6f-4aed-aa24-3f5b81ea805f"
          ],
          "pending": [],
          "skipped": [],
          "duration": 13720,
          "root": false,
          "rootEmpty": false,
          "_timeout": 2000
        },
        {
          "uuid": "8aed01f7-e508-4629-b8a4-85b79f1605de",
          "title": "12 - Crie uma função para gerar as cores aleatoriamente ao carregar a página, com exceção da cor preta",
          "fullFile": "",
          "file": "",
          "beforeHooks": [],
          "afterHooks": [],
          "tests": [
            {
              "title": "Verifica se as cores geradas na paleta são diferentes a cada carregamento da página",
              "fullTitle": "12 - Crie uma função para gerar as cores aleatoriamente ao carregar a página, com exceção da cor preta Verifica se as cores geradas na paleta são diferentes a cada carregamento da página",
              "timedOut": null,
              "duration": 610,
              "state": "failed",
              "speed": null,
              "pass": false,
              "fail": true,
              "pending": false,
              "context": null,
              "code": "cy.get('.color').then(function (colors) {\n  var currentColors;\n  var previousColors;\n  previousColors = Array.from(colors).map(function (color) {\n    return Cypress.$(color).css('background-color');\n  });\n  for (var i = 0; i < 5; i += 1) {\n    cy.reload();\n    cy.get('.color').then(function (colors) {\n      currentColors = Array.from(colors).map(function (color) {\n        return Cypress.$(color).css('background-color');\n      });\n      expect(currentColors).not.to.deep.equal(previousColors);\n      previousColors = currentColors;\n    });\n  }\n});",
              "err": {
                "message": "AssertionError: expected [ Array(4) ] to not deeply equal [ Array(4) ]",
                "estack": "AssertionError: expected [ Array(4) ] to not deeply equal [ Array(4) ]\n    at getRet (http://localhost:42379/__cypress/runner/cypress_runner.js:136585:16)\n    at tryCatcher (http://localhost:42379/__cypress/runner/cypress_runner.js:167415:23)\n    at Function.Promise.attempt.Promise.try (http://localhost:42379/__cypress/runner/cypress_runner.js:164690:29)\n    at Context.thenFn (http://localhost:42379/__cypress/runner/cypress_runner.js:136599:23)\n    at Context.then (http://localhost:42379/__cypress/runner/cypress_runner.js:136971:21)\n    at Context.<anonymous> (http://localhost:42379/__cypress/runner/cypress_runner.js:148875:21)\n    at http://localhost:42379/__cypress/runner/cypress_runner.js:148351:33\n    at tryCatcher (http://localhost:42379/__cypress/runner/cypress_runner.js:167415:23)\n    at Promise._settlePromiseFromHandler (http://localhost:42379/__cypress/runner/cypress_runner.js:165351:31)\n    at Promise._settlePromise (http://localhost:42379/__cypress/runner/cypress_runner.js:165408:18)\n    at Promise._settlePromiseCtx (http://localhost:42379/__cypress/runner/cypress_runner.js:165445:10)\n    at Async../node_modules/bluebird/js/release/async.js.Async._drainQueue (http://localhost:42379/__cypress/runner/cypress_runner.js:162145:12)\n    at Async../node_modules/bluebird/js/release/async.js.Async._drainQueues (http://localhost:42379/__cypress/runner/cypress_runner.js:162150:10)\n    at Async.drainQueues (http://localhost:42379/__cypress/runner/cypress_runner.js:162024:14)",
                "diff": ""
              },
              "uuid": "26131cd2-e720-45fe-953d-36f6c326655d",
              "parentUUID": "8aed01f7-e508-4629-b8a4-85b79f1605de",
              "isHook": false,
              "skipped": false
            },
            {
              "title": "Verifica se a cor preta ainda está presente e é a primeira na sua paleta de cores",
              "fullTitle": "12 - Crie uma função para gerar as cores aleatoriamente ao carregar a página, com exceção da cor preta Verifica se a cor preta ainda está presente e é a primeira na sua paleta de cores",
              "timedOut": null,
              "duration": 740,
              "state": "failed",
              "speed": null,
              "pass": false,
              "fail": true,
              "pending": false,
              "context": null,
              "code": "cy.get('.color').then(function (colors) {\n  var currentColors;\n  var previousColors;\n  previousColors = Array.from(colors).map(function (color) {\n    return Cypress.$(color).css('background-color');\n  });\n  expect(previousColors[0]).to.eq(BLACK);\n  for (var i = 0; i < 5; i += 1) {\n    cy.reload();\n    cy.get('.color').then(function (colors) {\n      currentColors = Array.from(colors).map(function (color) {\n        return Cypress.$(color).css('background-color');\n      });\n      expect(currentColors[0]).to.eq(BLACK);\n      expect(currentColors).not.to.deep.equal(previousColors);\n      previousColors = currentColors;\n    });\n  }\n});",
              "err": {
                "message": "AssertionError: expected [ Array(4) ] to not deeply equal [ Array(4) ]",
                "estack": "AssertionError: expected [ Array(4) ] to not deeply equal [ Array(4) ]\n    at getRet (http://localhost:42379/__cypress/runner/cypress_runner.js:136585:16)\n    at tryCatcher (http://localhost:42379/__cypress/runner/cypress_runner.js:167415:23)\n    at Function.Promise.attempt.Promise.try (http://localhost:42379/__cypress/runner/cypress_runner.js:164690:29)\n    at Context.thenFn (http://localhost:42379/__cypress/runner/cypress_runner.js:136599:23)\n    at Context.then (http://localhost:42379/__cypress/runner/cypress_runner.js:136971:21)\n    at Context.<anonymous> (http://localhost:42379/__cypress/runner/cypress_runner.js:148875:21)\n    at http://localhost:42379/__cypress/runner/cypress_runner.js:148351:33\n    at tryCatcher (http://localhost:42379/__cypress/runner/cypress_runner.js:167415:23)\n    at Promise._settlePromiseFromHandler (http://localhost:42379/__cypress/runner/cypress_runner.js:165351:31)\n    at Promise._settlePromise (http://localhost:42379/__cypress/runner/cypress_runner.js:165408:18)\n    at Promise._settlePromiseCtx (http://localhost:42379/__cypress/runner/cypress_runner.js:165445:10)\n    at Async../node_modules/bluebird/js/release/async.js.Async._drainQueue (http://localhost:42379/__cypress/runner/cypress_runner.js:162145:12)\n    at Async../node_modules/bluebird/js/release/async.js.Async._drainQueues (http://localhost:42379/__cypress/runner/cypress_runner.js:162150:10)\n    at Async.drainQueues (http://localhost:42379/__cypress/runner/cypress_runner.js:162024:14)",
                "diff": ""
              },
              "uuid": "9354bacf-66f2-43cf-a485-9d5901691be5",
              "parentUUID": "8aed01f7-e508-4629-b8a4-85b79f1605de",
              "isHook": false,
              "skipped": false
            }
          ],
          "suites": [],
          "passes": [],
          "failures": [
            "26131cd2-e720-45fe-953d-36f6c326655d",
            "9354bacf-66f2-43cf-a485-9d5901691be5"
          ],
          "pending": [],
          "skipped": [],
          "duration": 1350,
          "root": false,
          "rootEmpty": false,
          "_timeout": 2000
        }
      ],
      "passes": [],
      "failures": [],
      "pending": [],
      "skipped": [],
      "duration": 0,
      "root": true,
      "rootEmpty": true,
      "_timeout": 2000
    }
  ],
  "meta": {
    "mocha": {
      "version": "7.0.1"
    },
    "mochawesome": {
      "options": {
        "quiet": false,
        "reportFilename": "mochawesome",
        "saveHtml": false,
        "saveJson": true,
        "consoleReporter": "spec",
        "useInlineDiffs": false
      },
      "version": "4.1.0"
    },
    "marge": {
      "options": {
        "id": "default",
        "reportDir": "cypress/reports",
        "overwrite": true,
        "html": false,
        "json": true
      },
      "version": "4.1.0"
    }
  }
}