{
  "stats": {
    "suites": 12,
    "tests": 41,
    "passes": 23,
    "pending": 0,
    "failures": 18,
    "start": "2022-08-02T22:47:21.306Z",
    "end": "2022-08-02T22:49:10.988Z",
    "duration": 109682,
    "testsRegistered": 41,
    "passPercent": 56.09756097560976,
    "pendingPercent": 0,
    "other": 0,
    "hasOther": false,
    "skipped": 0,
    "hasSkipped": false
  },
  "results": [
    {
      "uuid": "e9e05e1c-8071-49d6-8ef0-b49ea61f1929",
      "title": "",
      "fullFile": "cypress/integration/project.spec.js",
      "file": "cypress/integration/project.spec.js",
      "beforeHooks": [],
      "afterHooks": [],
      "tests": [],
      "suites": [
        {
          "uuid": "3d05ea44-7f4f-42a4-8ab7-c8d05b34fe7e",
          "title": "1 - Adicione à página o título \"Paleta de Cores\"",
          "fullFile": "",
          "file": "",
          "beforeHooks": [],
          "afterHooks": [],
          "tests": [
            {
              "title": "Verifica se contém um elemento `h1` com o id `title` com o título correto",
              "fullTitle": "1 - Adicione à página o título \"Paleta de Cores\" Verifica se contém um elemento `h1` com o id `title` com o título correto",
              "timedOut": null,
              "duration": 461,
              "state": "passed",
              "speed": "slow",
              "pass": true,
              "fail": false,
              "pending": false,
              "context": null,
              "code": "cy.get('h1#title').should('contain.text', 'Paleta de Cores');",
              "err": {},
              "uuid": "6a1c890a-cdeb-43cb-aad0-14148dad3add",
              "parentUUID": "3d05ea44-7f4f-42a4-8ab7-c8d05b34fe7e",
              "isHook": false,
              "skipped": false
            }
          ],
          "suites": [],
          "passes": [
            "6a1c890a-cdeb-43cb-aad0-14148dad3add"
          ],
          "failures": [],
          "pending": [],
          "skipped": [],
          "duration": 461,
          "root": false,
          "rootEmpty": false,
          "_timeout": 2000
        },
        {
          "uuid": "b1ec5022-fe49-4c0a-a652-18fc0276836e",
          "title": "2 - Adicione à página uma paleta contendo quatro cores distintas",
          "fullFile": "",
          "file": "",
          "beforeHooks": [],
          "afterHooks": [],
          "tests": [
            {
              "title": "A paleta de cores deve ser um elemento com `id` denominado `color-palette` e ter mais de 0px de altura e de largura.",
              "fullTitle": "2 - Adicione à página uma paleta contendo quatro cores distintas A paleta de cores deve ser um elemento com `id` denominado `color-palette` e ter mais de 0px de altura e de largura.",
              "timedOut": null,
              "duration": 348,
              "state": "passed",
              "speed": "slow",
              "pass": true,
              "fail": false,
              "pending": false,
              "context": null,
              "code": "cy.get('#color-palette').should('be.visible');\ncy.get('#color-palette').children('.color');",
              "err": {},
              "uuid": "e498057c-9c5a-4e1a-bc55-20b7ffab4297",
              "parentUUID": "b1ec5022-fe49-4c0a-a652-18fc0276836e",
              "isHook": false,
              "skipped": false
            },
            {
              "title": "Verifica se cada cor individual da paleta de cores possui a `classe` chamada `color`.",
              "fullTitle": "2 - Adicione à página uma paleta contendo quatro cores distintas Verifica se cada cor individual da paleta de cores possui a `classe` chamada `color`.",
              "timedOut": null,
              "duration": 226,
              "state": "passed",
              "speed": "slow",
              "pass": true,
              "fail": false,
              "pending": false,
              "context": null,
              "code": "cy.get('.color').should('have.length', 4).then(function (colors) {\n  for (var i = 0; i < colors.length; i++) {\n    cy.wrap(colors[i]).should('be.visible');\n  }\n});",
              "err": {},
              "uuid": "d97789aa-8685-408f-ad06-4d9f47ea23c7",
              "parentUUID": "b1ec5022-fe49-4c0a-a652-18fc0276836e",
              "isHook": false,
              "skipped": false
            },
            {
              "title": "Verifica se a cor de fundo de cada elemento da paleta é a cor que o elemento representa. **A única cor não permitida na paleta é a cor branca.**",
              "fullTitle": "2 - Adicione à página uma paleta contendo quatro cores distintas Verifica se a cor de fundo de cada elemento da paleta é a cor que o elemento representa. **A única cor não permitida na paleta é a cor branca.**",
              "timedOut": null,
              "duration": 296,
              "state": "passed",
              "speed": "slow",
              "pass": true,
              "fail": false,
              "pending": false,
              "context": null,
              "code": "cy.get('.color').each(function (color) {\n  cy.wrap(color).should('have.class', 'color').and('not.have.css', 'background-color', WHITE);\n  cy.wrap(color).should('have.css', 'background-color');\n});",
              "err": {},
              "uuid": "14d35a26-9c48-4907-968f-8f03b0aa1c40",
              "parentUUID": "b1ec5022-fe49-4c0a-a652-18fc0276836e",
              "isHook": false,
              "skipped": false
            },
            {
              "title": "Verifica se cada elemento da paleta de cores tem uma borda preta, sólida e com 1 pixel de largura;",
              "fullTitle": "2 - Adicione à página uma paleta contendo quatro cores distintas Verifica se cada elemento da paleta de cores tem uma borda preta, sólida e com 1 pixel de largura;",
              "timedOut": null,
              "duration": 186,
              "state": "passed",
              "speed": "slow",
              "pass": true,
              "fail": false,
              "pending": false,
              "context": null,
              "code": "cy.get('.color').each(function (color) {\n  cy.wrap(color).and('have.css', 'border', \"1px solid \".concat(BLACK)).and('have.class', 'color');\n});",
              "err": {},
              "uuid": "caf1ebc7-d968-4768-a863-ce2a7ff472f0",
              "parentUUID": "b1ec5022-fe49-4c0a-a652-18fc0276836e",
              "isHook": false,
              "skipped": false
            },
            {
              "title": "Verifica se a paleta lista todas as cores disponíveis para utilização, lado a lado.",
              "fullTitle": "2 - Adicione à página uma paleta contendo quatro cores distintas Verifica se a paleta lista todas as cores disponíveis para utilização, lado a lado.",
              "timedOut": null,
              "duration": 240,
              "state": "passed",
              "speed": "slow",
              "pass": true,
              "fail": false,
              "pending": false,
              "context": null,
              "code": "cy.get('.color').then(function (colors) {\n  for (var index = 1; index < colors.length; index += 1) {\n    var currentColor = colors[index];\n    var previousColor = colors[index - 1];\n    cy.wrap(currentColor).should('be.onTheRightOf', previousColor).and('be.horizontallyAlignedWith', previousColor);\n  }\n});",
              "err": {},
              "uuid": "ca0895cc-9cc3-4747-80a6-a22b529cb54e",
              "parentUUID": "b1ec5022-fe49-4c0a-a652-18fc0276836e",
              "isHook": false,
              "skipped": false
            },
            {
              "title": "Verifica se a paleta de cores está posicionada abaixo do título 'Paleta de Cores'",
              "fullTitle": "2 - Adicione à página uma paleta contendo quatro cores distintas Verifica se a paleta de cores está posicionada abaixo do título 'Paleta de Cores'",
              "timedOut": null,
              "duration": 141,
              "state": "passed",
              "speed": "slow",
              "pass": true,
              "fail": false,
              "pending": false,
              "context": null,
              "code": "cy.get('h1#title').then(function (title) {\n  cy.get('#color-palette').should('be.belowOf', title);\n});",
              "err": {},
              "uuid": "0a16f526-6a2b-4cc6-9d69-aaff6038d981",
              "parentUUID": "b1ec5022-fe49-4c0a-a652-18fc0276836e",
              "isHook": false,
              "skipped": false
            },
            {
              "title": "Verifica se a paleta de cores não contém cores repetidas.",
              "fullTitle": "2 - Adicione à página uma paleta contendo quatro cores distintas Verifica se a paleta de cores não contém cores repetidas.",
              "timedOut": null,
              "duration": 141,
              "state": "passed",
              "speed": "slow",
              "pass": true,
              "fail": false,
              "pending": false,
              "context": null,
              "code": "cy.get('.color').then(function (colors) {\n  var allColors = Array.from(colors).map(function (color) {\n    return Cypress.$(color).css('background-color');\n  });\n  cy.log(allColors);\n  var uniqColors = (0, _toConsumableArray2[\"default\"])(new Set(allColors));\n  cy.log(uniqColors);\n  expect(allColors.length).to.eq(uniqColors.length);\n});",
              "err": {},
              "uuid": "9b45dd9d-fb75-409e-b885-6d2fd8d6f706",
              "parentUUID": "b1ec5022-fe49-4c0a-a652-18fc0276836e",
              "isHook": false,
              "skipped": false
            }
          ],
          "suites": [],
          "passes": [
            "e498057c-9c5a-4e1a-bc55-20b7ffab4297",
            "d97789aa-8685-408f-ad06-4d9f47ea23c7",
            "14d35a26-9c48-4907-968f-8f03b0aa1c40",
            "caf1ebc7-d968-4768-a863-ce2a7ff472f0",
            "ca0895cc-9cc3-4747-80a6-a22b529cb54e",
            "0a16f526-6a2b-4cc6-9d69-aaff6038d981",
            "9b45dd9d-fb75-409e-b885-6d2fd8d6f706"
          ],
          "failures": [],
          "pending": [],
          "skipped": [],
          "duration": 1578,
          "root": false,
          "rootEmpty": false,
          "_timeout": 2000
        },
        {
          "uuid": "6333d74f-229d-4c0a-9fc7-ecfcce833071",
          "title": "3 - Adicione a cor **preta** como a primeira cor da paleta de cores",
          "fullFile": "",
          "file": "",
          "beforeHooks": [],
          "afterHooks": [],
          "tests": [
            {
              "title": "Verifica se a primeira cor da paleta é preta",
              "fullTitle": "3 - Adicione a cor **preta** como a primeira cor da paleta de cores Verifica se a primeira cor da paleta é preta",
              "timedOut": null,
              "duration": 228,
              "state": "passed",
              "speed": "slow",
              "pass": true,
              "fail": false,
              "pending": false,
              "context": null,
              "code": "cy.get('.color').first().should('have.css', 'background-color', BLACK);",
              "err": {},
              "uuid": "a4f04b5b-4bf2-4948-a8a4-6b3f701b0015",
              "parentUUID": "6333d74f-229d-4c0a-9fc7-ecfcce833071",
              "isHook": false,
              "skipped": false
            },
            {
              "title": "Verifica se as demais cores podem ser escolhidas livremente.",
              "fullTitle": "3 - Adicione a cor **preta** como a primeira cor da paleta de cores Verifica se as demais cores podem ser escolhidas livremente.",
              "timedOut": null,
              "duration": 297,
              "state": "passed",
              "speed": "slow",
              "pass": true,
              "fail": false,
              "pending": false,
              "context": null,
              "code": "cy.get('.color').eq(1).should('not.have.css', 'background-color', BLACK);\ncy.get('.color').eq(1).should('not.have.css', 'background-color', WHITE);\ncy.get('.color').eq(1).should('not.have.css', 'background-color', 'rgba(0, 0, 0, 0)');\ncy.get('.color').eq(1).should('have.css', 'background-color');\ncy.get('.color').eq(2).should('not.have.css', 'background-color', BLACK);\ncy.get('.color').eq(2).should('not.have.css', 'background-color', WHITE);\ncy.get('.color').eq(2).should('not.have.css', 'background-color', 'rgba(0, 0, 0, 0)');\ncy.get('.color').eq(2).should('have.css', 'background-color');\ncy.get('.color').eq(3).should('not.have.css', 'background-color', BLACK);\ncy.get('.color').eq(3).should('not.have.css', 'background-color', WHITE);\ncy.get('.color').eq(3).should('not.have.css', 'background-color', 'rgba(0, 0, 0, 0)');\ncy.get('.color').eq(3).should('have.css', 'background-color');",
              "err": {},
              "uuid": "242e6add-15fb-4c58-81b6-4c025802e259",
              "parentUUID": "6333d74f-229d-4c0a-9fc7-ecfcce833071",
              "isHook": false,
              "skipped": false
            }
          ],
          "suites": [],
          "passes": [
            "a4f04b5b-4bf2-4948-a8a4-6b3f701b0015",
            "242e6add-15fb-4c58-81b6-4c025802e259"
          ],
          "failures": [],
          "pending": [],
          "skipped": [],
          "duration": 525,
          "root": false,
          "rootEmpty": false,
          "_timeout": 2000
        },
        {
          "uuid": "6b258bf7-87f5-4cbc-8535-12e1a1df006f",
          "title": "4 - Adicione à página um quadro contendo 25 pixels",
          "fullFile": "",
          "file": "",
          "beforeHooks": [],
          "afterHooks": [],
          "tests": [
            {
              "title": "Verifica se o quadro de pixels possui o `id` denominado `pixel-board`",
              "fullTitle": "4 - Adicione à página um quadro contendo 25 pixels Verifica se o quadro de pixels possui o `id` denominado `pixel-board`",
              "timedOut": null,
              "duration": 212,
              "state": "passed",
              "speed": "slow",
              "pass": true,
              "fail": false,
              "pending": false,
              "context": null,
              "code": "cy.get('#pixel-board').should('be.visible');",
              "err": {},
              "uuid": "c3e28365-b772-4399-b2da-66aa09807638",
              "parentUUID": "6b258bf7-87f5-4cbc-8535-12e1a1df006f",
              "isHook": false,
              "skipped": false
            },
            {
              "title": "Verifica se cada pixel individual dentro do quadro possui a `classe` denominada `pixel`.",
              "fullTitle": "4 - Adicione à página um quadro contendo 25 pixels Verifica se cada pixel individual dentro do quadro possui a `classe` denominada `pixel`.",
              "timedOut": null,
              "duration": 144,
              "state": "passed",
              "speed": "slow",
              "pass": true,
              "fail": false,
              "pending": false,
              "context": null,
              "code": "cy.get('.pixel').should('have.length', 25);",
              "err": {},
              "uuid": "fd645f61-b5a3-4ea1-be56-7badcbad447f",
              "parentUUID": "6b258bf7-87f5-4cbc-8535-12e1a1df006f",
              "isHook": false,
              "skipped": false
            },
            {
              "title": "Verifica se a cor inicial dos pixels dentro do quadro, ao abrir a página, é branca.",
              "fullTitle": "4 - Adicione à página um quadro contendo 25 pixels Verifica se a cor inicial dos pixels dentro do quadro, ao abrir a página, é branca.",
              "timedOut": null,
              "duration": 207,
              "state": "passed",
              "speed": "slow",
              "pass": true,
              "fail": false,
              "pending": false,
              "context": null,
              "code": "cy.get('.pixel').should('have.length', 25).each(function (pixel) {\n  expect(pixel).to.have.css('background-color', WHITE);\n});",
              "err": {},
              "uuid": "f4e8ef12-3932-47df-9cbd-30e5a064f49f",
              "parentUUID": "6b258bf7-87f5-4cbc-8535-12e1a1df006f",
              "isHook": false,
              "skipped": false
            },
            {
              "title": "Verifica se o quadro de pixels aparece abaixo da paleta de cores",
              "fullTitle": "4 - Adicione à página um quadro contendo 25 pixels Verifica se o quadro de pixels aparece abaixo da paleta de cores",
              "timedOut": null,
              "duration": 155,
              "state": "passed",
              "speed": "slow",
              "pass": true,
              "fail": false,
              "pending": false,
              "context": null,
              "code": "cy.get('#color-palette').then(function (palette) {\n  cy.get('#pixel-board').should('be.belowOf', palette);\n});",
              "err": {},
              "uuid": "f2a16529-0f26-4d92-8ebc-faf171554e94",
              "parentUUID": "6b258bf7-87f5-4cbc-8535-12e1a1df006f",
              "isHook": false,
              "skipped": false
            }
          ],
          "suites": [],
          "passes": [
            "c3e28365-b772-4399-b2da-66aa09807638",
            "fd645f61-b5a3-4ea1-be56-7badcbad447f",
            "f4e8ef12-3932-47df-9cbd-30e5a064f49f",
            "f2a16529-0f26-4d92-8ebc-faf171554e94"
          ],
          "failures": [],
          "pending": [],
          "skipped": [],
          "duration": 718,
          "root": false,
          "rootEmpty": false,
          "_timeout": 2000
        },
        {
          "uuid": "a7f303c3-8cd7-4820-b900-a0aa1845eb8e",
          "title": "5 - Faça com que cada elemento do quadro de pixels possua 40 pixels de largura, 40 pixels de altura e seja delimitado por uma borda preta de 1 pixel",
          "fullFile": "",
          "file": "",
          "beforeHooks": [],
          "afterHooks": [],
          "tests": [
            {
              "title": "Verifica se o quadro de pixels tem altura e comprimento de 5 elementos",
              "fullTitle": "5 - Faça com que cada elemento do quadro de pixels possua 40 pixels de largura, 40 pixels de altura e seja delimitado por uma borda preta de 1 pixel Verifica se o quadro de pixels tem altura e comprimento de 5 elementos",
              "timedOut": null,
              "duration": 440,
              "state": "passed",
              "speed": "slow",
              "pass": true,
              "fail": false,
              "pending": false,
              "context": null,
              "code": "cy.get('.pixel').should('have.length', 25).each(function (pixel) {\n  expect(pixel).to.have.css('background-color', WHITE);\n}).and(function (pixels) {\n  var rows = chunk(pixels, 5);\n  rows.forEach(function (row) {\n    for (var index = 1; index < row.length; index += 1) {\n      var current = pixels[index];\n      var previous = pixels[index - 1];\n      cy.wrap(current).should('be.onTheRightOf', previous).and('be.horizontallyAlignedWith', previous);\n    }\n  });\n  for (var index = 1; index < 5; index += 1) {\n    expect(pixels[index * 5]).to.be.belowOf(pixels[(index - 1) * 5]);\n  }\n});",
              "err": {},
              "uuid": "cbc4a188-a355-488a-8445-5ee67a241fbf",
              "parentUUID": "a7f303c3-8cd7-4820-b900-a0aa1845eb8e",
              "isHook": false,
              "skipped": false
            },
            {
              "title": "Verifica se 40 pixels é o tamanho total do elemento, incluindo seu conteúdo e excluindo a borda preta, que deve ser criada à parte.",
              "fullTitle": "5 - Faça com que cada elemento do quadro de pixels possua 40 pixels de largura, 40 pixels de altura e seja delimitado por uma borda preta de 1 pixel Verifica se 40 pixels é o tamanho total do elemento, incluindo seu conteúdo e excluindo a borda preta, que deve ser criada à parte.",
              "timedOut": null,
              "duration": 411,
              "state": "passed",
              "speed": "slow",
              "pass": true,
              "fail": false,
              "pending": false,
              "context": null,
              "code": "cy.get('.pixel').each(function (pixel) {\n  cy.wrap(pixel).should('have.css', 'height', '40px').and('have.css', 'width', '40px').and('have.css', 'border', \"1px solid \".concat(BLACK));\n});",
              "err": {},
              "uuid": "856ec73c-ea4f-442b-a444-07d31e0f2c33",
              "parentUUID": "a7f303c3-8cd7-4820-b900-a0aa1845eb8e",
              "isHook": false,
              "skipped": false
            }
          ],
          "suites": [],
          "passes": [
            "cbc4a188-a355-488a-8445-5ee67a241fbf",
            "856ec73c-ea4f-442b-a444-07d31e0f2c33"
          ],
          "failures": [],
          "pending": [],
          "skipped": [],
          "duration": 851,
          "root": false,
          "rootEmpty": false,
          "_timeout": 2000
        },
        {
          "uuid": "726193d4-629d-41bb-a179-d1218865c3ca",
          "title": "6 - Defina a cor preta como cor inicial da paleta de cores. Ao carregar a página a cor preta já deve estar selecionada para pintar os pixels",
          "fullFile": "",
          "file": "",
          "beforeHooks": [],
          "afterHooks": [],
          "tests": [
            {
              "title": "Verifica se o elemento da cor preta possui, inicialmente, a `classe` `selected`",
              "fullTitle": "6 - Defina a cor preta como cor inicial da paleta de cores. Ao carregar a página a cor preta já deve estar selecionada para pintar os pixels Verifica se o elemento da cor preta possui, inicialmente, a `classe` `selected`",
              "timedOut": null,
              "duration": 173,
              "state": "passed",
              "speed": "slow",
              "pass": true,
              "fail": false,
              "pending": false,
              "context": null,
              "code": "cy.get('.selected').first().should('have.css', 'background-color', BLACK);",
              "err": {},
              "uuid": "cd542ed5-d6f2-4c1e-afe6-f8e972e90085",
              "parentUUID": "726193d4-629d-41bb-a179-d1218865c3ca",
              "isHook": false,
              "skipped": false
            },
            {
              "title": "Verifica se nenhuma outra cor da paleta tem a `classe` `selected`",
              "fullTitle": "6 - Defina a cor preta como cor inicial da paleta de cores. Ao carregar a página a cor preta já deve estar selecionada para pintar os pixels Verifica se nenhuma outra cor da paleta tem a `classe` `selected`",
              "timedOut": null,
              "duration": 116,
              "state": "passed",
              "speed": "slow",
              "pass": true,
              "fail": false,
              "pending": false,
              "context": null,
              "code": "cy.get('.color:not(:first-child)').each(function (color) {\n  cy.wrap(color).should('not.have.class', 'selected');\n});",
              "err": {},
              "uuid": "c156f3e3-157a-47fb-82af-63089557809e",
              "parentUUID": "726193d4-629d-41bb-a179-d1218865c3ca",
              "isHook": false,
              "skipped": false
            }
          ],
          "suites": [],
          "passes": [
            "cd542ed5-d6f2-4c1e-afe6-f8e972e90085",
            "c156f3e3-157a-47fb-82af-63089557809e"
          ],
          "failures": [],
          "pending": [],
          "skipped": [],
          "duration": 289,
          "root": false,
          "rootEmpty": false,
          "_timeout": 2000
        },
        {
          "uuid": "b51ad681-3386-49a3-9627-44e4a318e7eb",
          "title": "7 - Crie uma função para selecionar uma cor na paleta de cores e preencher os pixels no quadro",
          "fullFile": "",
          "file": "",
          "beforeHooks": [],
          "afterHooks": [],
          "tests": [
            {
              "title": "Verifica se somente uma cor da paleta de cores tem a classe `selected` de cada vez",
              "fullTitle": "7 - Crie uma função para selecionar uma cor na paleta de cores e preencher os pixels no quadro Verifica se somente uma cor da paleta de cores tem a classe `selected` de cada vez",
              "timedOut": null,
              "duration": 576,
              "state": "passed",
              "speed": "slow",
              "pass": true,
              "fail": false,
              "pending": false,
              "context": null,
              "code": "cy.get('.color').each(function (selectedColor, selectedColorIndex) {\n  cy.wrap(selectedColor).click();\n  cy.get('.color').each(function (color, colorIndex) {\n    if (colorIndex === selectedColorIndex) {\n      expect(color).to.have[\"class\"]('selected');\n    } else {\n      expect(color).not.to.have[\"class\"]('selected');\n    }\n  });\n});",
              "err": {},
              "uuid": "b492c611-fa5d-40bd-9ceb-b595388b915b",
              "parentUUID": "b51ad681-3386-49a3-9627-44e4a318e7eb",
              "isHook": false,
              "skipped": false
            },
            {
              "title": "Verifica se os pixels dentro do quadro não têm a classe `selected` quando são clicados",
              "fullTitle": "7 - Crie uma função para selecionar uma cor na paleta de cores e preencher os pixels no quadro Verifica se os pixels dentro do quadro não têm a classe `selected` quando são clicados",
              "timedOut": null,
              "duration": 10132,
              "state": "passed",
              "speed": "slow",
              "pass": true,
              "fail": false,
              "pending": false,
              "context": null,
              "code": "cy.get('.color').each(function (color) {\n  var backgroundColor = color.css('background-color');\n  cy.wrap(color).click();\n  cy.get('.pixel').each(function (pixel) {\n    cy.wrap(pixel).click().should('not.have.class', 'selected');\n  });\n});",
              "err": {},
              "uuid": "da0ea162-d614-43f0-b44a-252c18658945",
              "parentUUID": "b51ad681-3386-49a3-9627-44e4a318e7eb",
              "isHook": false,
              "skipped": false
            }
          ],
          "suites": [],
          "passes": [
            "b492c611-fa5d-40bd-9ceb-b595388b915b",
            "da0ea162-d614-43f0-b44a-252c18658945"
          ],
          "failures": [],
          "pending": [],
          "skipped": [],
          "duration": 10708,
          "root": false,
          "rootEmpty": false,
          "_timeout": 2000
        },
        {
          "uuid": "d1294d24-564b-4b56-8c0c-26afe0006bff",
          "title": "8 - Crie uma função que permita preencher um pixel do quadro com a cor selecionada na paleta de cores",
          "fullFile": "",
          "file": "",
          "beforeHooks": [],
          "afterHooks": [],
          "tests": [
            {
              "title": "Verifica se ao carregar a página deve ser possível pintar os pixels de preto",
              "fullTitle": "8 - Crie uma função que permita preencher um pixel do quadro com a cor selecionada na paleta de cores Verifica se ao carregar a página deve ser possível pintar os pixels de preto",
              "timedOut": null,
              "duration": 2579,
              "state": "passed",
              "speed": "slow",
              "pass": true,
              "fail": false,
              "pending": false,
              "context": null,
              "code": "cy.get('.pixel').each(function (pixel) {\n  cy.wrap(pixel).click().should('have.css', 'background-color', BLACK);\n});",
              "err": {},
              "uuid": "8bb8a75f-eb5e-4328-a717-77f3b060e301",
              "parentUUID": "d1294d24-564b-4b56-8c0c-26afe0006bff",
              "isHook": false,
              "skipped": false
            },
            {
              "title": "Verifica se após selecionar uma outra cor na paleta, é possível pintar os pixels com essa cor",
              "fullTitle": "8 - Crie uma função que permita preencher um pixel do quadro com a cor selecionada na paleta de cores Verifica se após selecionar uma outra cor na paleta, é possível pintar os pixels com essa cor",
              "timedOut": null,
              "duration": 10111,
              "state": "passed",
              "speed": "slow",
              "pass": true,
              "fail": false,
              "pending": false,
              "context": null,
              "code": "cy.get('.color').each(function (color) {\n  var backgroundColor = color.css('background-color');\n  cy.wrap(color).click();\n  cy.get('.pixel').each(function (pixel) {\n    cy.wrap(pixel).click().should('have.css', 'background-color', backgroundColor);\n  });\n});",
              "err": {},
              "uuid": "092d240b-33aa-4bae-8cb2-fa1e6f988eef",
              "parentUUID": "d1294d24-564b-4b56-8c0c-26afe0006bff",
              "isHook": false,
              "skipped": false
            },
            {
              "title": "Verifica se somente o pixel que foi clicado foi preenchido com a cor selecionada, sem influenciar na cor dos demais pixels.",
              "fullTitle": "8 - Crie uma função que permita preencher um pixel do quadro com a cor selecionada na paleta de cores Verifica se somente o pixel que foi clicado foi preenchido com a cor selecionada, sem influenciar na cor dos demais pixels.",
              "timedOut": null,
              "duration": 1972,
              "state": "passed",
              "speed": "slow",
              "pass": true,
              "fail": false,
              "pending": false,
              "context": null,
              "code": "var colorToPixelIndexMap = {\n  0: 6,\n  1: 8,\n  2: 16,\n  3: 18\n};\ncy.get('.color').each(function (color, index) {\n  cy.wrap(color).click();\n  var backgroundColor = color.css('background-color');\n  var clickedPixelIndex = colorToPixelIndexMap[index];\n  cy.get('.pixel').eq(clickedPixelIndex).click();\n  cy.get('.pixel').eq(clickedPixelIndex - 1).should('not.have.css', 'background-color', backgroundColor);\n  cy.get('.pixel').eq(clickedPixelIndex + 1).should('not.have.css', 'background-color', backgroundColor);\n  cy.get('.pixel').eq(clickedPixelIndex - 5).should('not.have.css', 'background-color', backgroundColor);\n  cy.get('.pixel').eq(clickedPixelIndex + 5).should('not.have.css', 'background-color', backgroundColor);\n  cy.get('.pixel').eq(clickedPixelIndex - 6).should('not.have.css', 'background-color', backgroundColor);\n  cy.get('.pixel').eq(clickedPixelIndex - 4).should('not.have.css', 'background-color', backgroundColor);\n  cy.get('.pixel').eq(clickedPixelIndex + 4).should('not.have.css', 'background-color', backgroundColor);\n  cy.get('.pixel').eq(clickedPixelIndex + 6).should('not.have.css', 'background-color', backgroundColor);\n});",
              "err": {},
              "uuid": "a4cbf817-acdd-4a40-9c6f-6aa7260ccef0",
              "parentUUID": "d1294d24-564b-4b56-8c0c-26afe0006bff",
              "isHook": false,
              "skipped": false
            }
          ],
          "suites": [],
          "passes": [
            "8bb8a75f-eb5e-4328-a717-77f3b060e301",
            "092d240b-33aa-4bae-8cb2-fa1e6f988eef",
            "a4cbf817-acdd-4a40-9c6f-6aa7260ccef0"
          ],
          "failures": [],
          "pending": [],
          "skipped": [],
          "duration": 14662,
          "root": false,
          "rootEmpty": false,
          "_timeout": 2000
        },
        {
          "uuid": "7ab12b03-e0c9-42e9-a702-ae0c81ee104b",
          "title": "9 - Crie um botão que, ao ser clicado, limpa o quadro preenchendo a cor de todos seus pixels com branco",
          "fullFile": "",
          "file": "",
          "beforeHooks": [],
          "afterHooks": [],
          "tests": [
            {
              "title": "Verifica se o botão tem o `id` denominado `clear-board`",
              "fullTitle": "9 - Crie um botão que, ao ser clicado, limpa o quadro preenchendo a cor de todos seus pixels com branco Verifica se o botão tem o `id` denominado `clear-board`",
              "timedOut": null,
              "duration": 4520,
              "state": "failed",
              "speed": null,
              "pass": false,
              "fail": true,
              "pending": false,
              "context": null,
              "code": "cy.get('#clear-board').should('be.visible');",
              "err": {
                "message": "CypressError: Timed out retrying: Expected to find element: '#clear-board', but never found it.",
                "estack": "CypressError: Timed out retrying: Expected to find element: '#clear-board', but never found it.\n    at cypressErr (http://localhost:44027/__cypress/runner/cypress_runner.js:149934:9)\n    at throwErr (http://localhost:44027/__cypress/runner/cypress_runner.js:149867:11)\n    at Object.throwErrByPath (http://localhost:44027/__cypress/runner/cypress_runner.js:149915:3)\n    at retry (http://localhost:44027/__cypress/runner/cypress_runner.js:144197:19)\n    at onFailFn (http://localhost:44027/__cypress/runner/cypress_runner.js:132448:16)\n    at tryCatcher (http://localhost:44027/__cypress/runner/cypress_runner.js:167415:23)\n    at Promise._settlePromiseFromHandler (http://localhost:44027/__cypress/runner/cypress_runner.js:165351:31)\n    at Promise._settlePromise (http://localhost:44027/__cypress/runner/cypress_runner.js:165408:18)\n    at Promise._settlePromise0 (http://localhost:44027/__cypress/runner/cypress_runner.js:165453:10)\n    at Promise._settlePromises (http://localhost:44027/__cypress/runner/cypress_runner.js:165528:18)\n    at Async../node_modules/bluebird/js/release/async.js.Async._drainQueue (http://localhost:44027/__cypress/runner/cypress_runner.js:162140:16)\n    at Async../node_modules/bluebird/js/release/async.js.Async._drainQueues (http://localhost:44027/__cypress/runner/cypress_runner.js:162150:10)\n    at Async.drainQueues (http://localhost:44027/__cypress/runner/cypress_runner.js:162024:14)",
                "diff": null
              },
              "uuid": "b449b937-05cf-4ef0-ba99-9c49d993ec44",
              "parentUUID": "7ab12b03-e0c9-42e9-a702-ae0c81ee104b",
              "isHook": false,
              "skipped": false
            },
            {
              "title": "Verifica se o botão está posicionado entre a paleta de cores e o quadro de pixels",
              "fullTitle": "9 - Crie um botão que, ao ser clicado, limpa o quadro preenchendo a cor de todos seus pixels com branco Verifica se o botão está posicionado entre a paleta de cores e o quadro de pixels",
              "timedOut": null,
              "duration": 4616,
              "state": "failed",
              "speed": null,
              "pass": false,
              "fail": true,
              "pending": false,
              "context": null,
              "code": "cy.get('#color-palette').then(function (palette) {\n  cy.get('#clear-board').should('be.belowOf', palette);\n});\ncy.get('#clear-board').then(function (clearBtn) {\n  cy.get('#pixel-board').should('be.belowOf', clearBtn);\n});",
              "err": {
                "message": "CypressError: Timed out retrying: Expected to find element: '#clear-board', but never found it.",
                "estack": "CypressError: Timed out retrying: Expected to find element: '#clear-board', but never found it.\n    at cypressErr (http://localhost:44027/__cypress/runner/cypress_runner.js:149934:9)\n    at throwErr (http://localhost:44027/__cypress/runner/cypress_runner.js:149867:11)\n    at Object.throwErrByPath (http://localhost:44027/__cypress/runner/cypress_runner.js:149915:3)\n    at retry (http://localhost:44027/__cypress/runner/cypress_runner.js:144197:19)\n    at onFailFn (http://localhost:44027/__cypress/runner/cypress_runner.js:132448:16)\n    at tryCatcher (http://localhost:44027/__cypress/runner/cypress_runner.js:167415:23)\n    at Promise._settlePromiseFromHandler (http://localhost:44027/__cypress/runner/cypress_runner.js:165351:31)\n    at Promise._settlePromise (http://localhost:44027/__cypress/runner/cypress_runner.js:165408:18)\n    at Promise._settlePromise0 (http://localhost:44027/__cypress/runner/cypress_runner.js:165453:10)\n    at Promise._settlePromises (http://localhost:44027/__cypress/runner/cypress_runner.js:165528:18)\n    at Async../node_modules/bluebird/js/release/async.js.Async._drainQueue (http://localhost:44027/__cypress/runner/cypress_runner.js:162140:16)\n    at Async../node_modules/bluebird/js/release/async.js.Async._drainQueues (http://localhost:44027/__cypress/runner/cypress_runner.js:162150:10)\n    at Async.drainQueues (http://localhost:44027/__cypress/runner/cypress_runner.js:162024:14)",
                "diff": null
              },
              "uuid": "044b0169-16d3-46d7-b299-c250850b964a",
              "parentUUID": "7ab12b03-e0c9-42e9-a702-ae0c81ee104b",
              "isHook": false,
              "skipped": false
            },
            {
              "title": "Verifica se o texto do botão é 'Limpar'",
              "fullTitle": "9 - Crie um botão que, ao ser clicado, limpa o quadro preenchendo a cor de todos seus pixels com branco Verifica se o texto do botão é 'Limpar'",
              "timedOut": null,
              "duration": 4481,
              "state": "failed",
              "speed": null,
              "pass": false,
              "fail": true,
              "pending": false,
              "context": null,
              "code": "cy.get('#clear-board').should('contain.text', 'Limpar');",
              "err": {
                "message": "CypressError: Timed out retrying: Expected to find element: '#clear-board', but never found it.",
                "estack": "CypressError: Timed out retrying: Expected to find element: '#clear-board', but never found it.\n    at cypressErr (http://localhost:44027/__cypress/runner/cypress_runner.js:149934:9)\n    at throwErr (http://localhost:44027/__cypress/runner/cypress_runner.js:149867:11)\n    at Object.throwErrByPath (http://localhost:44027/__cypress/runner/cypress_runner.js:149915:3)\n    at retry (http://localhost:44027/__cypress/runner/cypress_runner.js:144197:19)\n    at onFailFn (http://localhost:44027/__cypress/runner/cypress_runner.js:132448:16)\n    at tryCatcher (http://localhost:44027/__cypress/runner/cypress_runner.js:167415:23)\n    at Promise._settlePromiseFromHandler (http://localhost:44027/__cypress/runner/cypress_runner.js:165351:31)\n    at Promise._settlePromise (http://localhost:44027/__cypress/runner/cypress_runner.js:165408:18)\n    at Promise._settlePromise0 (http://localhost:44027/__cypress/runner/cypress_runner.js:165453:10)\n    at Promise._settlePromises (http://localhost:44027/__cypress/runner/cypress_runner.js:165528:18)\n    at Async../node_modules/bluebird/js/release/async.js.Async._drainQueue (http://localhost:44027/__cypress/runner/cypress_runner.js:162140:16)\n    at Async../node_modules/bluebird/js/release/async.js.Async._drainQueues (http://localhost:44027/__cypress/runner/cypress_runner.js:162150:10)\n    at Async.drainQueues (http://localhost:44027/__cypress/runner/cypress_runner.js:162024:14)",
                "diff": null
              },
              "uuid": "05fc9760-9ef1-4d70-829f-287206749343",
              "parentUUID": "7ab12b03-e0c9-42e9-a702-ae0c81ee104b",
              "isHook": false,
              "skipped": false
            },
            {
              "title": "Verifica se ao clicar no botão, o quadro de pixels é totalmente preenchido de branco",
              "fullTitle": "9 - Crie um botão que, ao ser clicado, limpa o quadro preenchendo a cor de todos seus pixels com branco Verifica se ao clicar no botão, o quadro de pixels é totalmente preenchido de branco",
              "timedOut": null,
              "duration": 7151,
              "state": "failed",
              "speed": null,
              "pass": false,
              "fail": true,
              "pending": false,
              "context": null,
              "code": "cy.get('.color').eq(1).then(function (color) {\n  var backgroundColor = color.css('background-color');\n  cy.wrap(color).click();\n  cy.get('.pixel').each(function (pixel) {\n    cy.wrap(pixel).click().should('have.css', 'background-color', backgroundColor);\n  });\n});\ncy.get('#clear-board').click();\ncy.get('.pixel').each(function (pixel) {\n  cy.wrap(pixel).should('have.css', 'background-color', WHITE);\n});",
              "err": {
                "message": "CypressError: Timed out retrying: Expected to find element: '#clear-board', but never found it.",
                "estack": "CypressError: Timed out retrying: Expected to find element: '#clear-board', but never found it.\n    at cypressErr (http://localhost:44027/__cypress/runner/cypress_runner.js:149934:9)\n    at throwErr (http://localhost:44027/__cypress/runner/cypress_runner.js:149867:11)\n    at Object.throwErrByPath (http://localhost:44027/__cypress/runner/cypress_runner.js:149915:3)\n    at retry (http://localhost:44027/__cypress/runner/cypress_runner.js:144197:19)\n    at onFailFn (http://localhost:44027/__cypress/runner/cypress_runner.js:132448:16)\n    at tryCatcher (http://localhost:44027/__cypress/runner/cypress_runner.js:167415:23)\n    at Promise._settlePromiseFromHandler (http://localhost:44027/__cypress/runner/cypress_runner.js:165351:31)\n    at Promise._settlePromise (http://localhost:44027/__cypress/runner/cypress_runner.js:165408:18)\n    at Promise._settlePromise0 (http://localhost:44027/__cypress/runner/cypress_runner.js:165453:10)\n    at Promise._settlePromises (http://localhost:44027/__cypress/runner/cypress_runner.js:165528:18)\n    at Async../node_modules/bluebird/js/release/async.js.Async._drainQueue (http://localhost:44027/__cypress/runner/cypress_runner.js:162140:16)\n    at Async../node_modules/bluebird/js/release/async.js.Async._drainQueues (http://localhost:44027/__cypress/runner/cypress_runner.js:162150:10)\n    at Async.drainQueues (http://localhost:44027/__cypress/runner/cypress_runner.js:162024:14)",
                "diff": null
              },
              "uuid": "c44971a9-21d5-4e94-9a58-d8948817574c",
              "parentUUID": "7ab12b03-e0c9-42e9-a702-ae0c81ee104b",
              "isHook": false,
              "skipped": false
            }
          ],
          "suites": [],
          "passes": [],
          "failures": [
            "b449b937-05cf-4ef0-ba99-9c49d993ec44",
            "044b0169-16d3-46d7-b299-c250850b964a",
            "05fc9760-9ef1-4d70-829f-287206749343",
            "c44971a9-21d5-4e94-9a58-d8948817574c"
          ],
          "pending": [],
          "skipped": [],
          "duration": 20768,
          "root": false,
          "rootEmpty": false,
          "_timeout": 2000
        },
        {
          "uuid": "f666066a-d3ec-410a-9877-b14b43b6adda",
          "title": "10 - Crie um input que permita à pessoa usuária preencher um novo tamanho para o quadro de pixels",
          "fullFile": "",
          "file": "",
          "beforeHooks": [],
          "afterHooks": [],
          "tests": [
            {
              "title": "Verifica se existe um input com o id `board-size`",
              "fullTitle": "10 - Crie um input que permita à pessoa usuária preencher um novo tamanho para o quadro de pixels Verifica se existe um input com o id `board-size`",
              "timedOut": null,
              "duration": 4657,
              "state": "failed",
              "speed": null,
              "pass": false,
              "fail": true,
              "pending": false,
              "context": null,
              "code": "cy.get('#board-size').should('be.visible');",
              "err": {
                "message": "CypressError: Timed out retrying: Expected to find element: '#board-size', but never found it.",
                "estack": "CypressError: Timed out retrying: Expected to find element: '#board-size', but never found it.\n    at cypressErr (http://localhost:44027/__cypress/runner/cypress_runner.js:149934:9)\n    at throwErr (http://localhost:44027/__cypress/runner/cypress_runner.js:149867:11)\n    at Object.throwErrByPath (http://localhost:44027/__cypress/runner/cypress_runner.js:149915:3)\n    at retry (http://localhost:44027/__cypress/runner/cypress_runner.js:144197:19)\n    at onFailFn (http://localhost:44027/__cypress/runner/cypress_runner.js:132448:16)\n    at tryCatcher (http://localhost:44027/__cypress/runner/cypress_runner.js:167415:23)\n    at Promise._settlePromiseFromHandler (http://localhost:44027/__cypress/runner/cypress_runner.js:165351:31)\n    at Promise._settlePromise (http://localhost:44027/__cypress/runner/cypress_runner.js:165408:18)\n    at Promise._settlePromise0 (http://localhost:44027/__cypress/runner/cypress_runner.js:165453:10)\n    at Promise._settlePromises (http://localhost:44027/__cypress/runner/cypress_runner.js:165528:18)\n    at Async../node_modules/bluebird/js/release/async.js.Async._drainQueue (http://localhost:44027/__cypress/runner/cypress_runner.js:162140:16)\n    at Async../node_modules/bluebird/js/release/async.js.Async._drainQueues (http://localhost:44027/__cypress/runner/cypress_runner.js:162150:10)\n    at Async.drainQueues (http://localhost:44027/__cypress/runner/cypress_runner.js:162024:14)",
                "diff": null
              },
              "uuid": "3d80d06f-ea9f-4be5-8e96-7d8997b1c953",
              "parentUUID": "f666066a-d3ec-410a-9877-b14b43b6adda",
              "isHook": false,
              "skipped": false
            },
            {
              "title": "Verifica se existe um botão com o id `generate-board`",
              "fullTitle": "10 - Crie um input que permita à pessoa usuária preencher um novo tamanho para o quadro de pixels Verifica se existe um botão com o id `generate-board`",
              "timedOut": null,
              "duration": 4757,
              "state": "failed",
              "speed": null,
              "pass": false,
              "fail": true,
              "pending": false,
              "context": null,
              "code": "cy.get('#generate-board').should('be.visible');",
              "err": {
                "message": "CypressError: Timed out retrying: Expected to find element: '#generate-board', but never found it.",
                "estack": "CypressError: Timed out retrying: Expected to find element: '#generate-board', but never found it.\n    at cypressErr (http://localhost:44027/__cypress/runner/cypress_runner.js:149934:9)\n    at throwErr (http://localhost:44027/__cypress/runner/cypress_runner.js:149867:11)\n    at Object.throwErrByPath (http://localhost:44027/__cypress/runner/cypress_runner.js:149915:3)\n    at retry (http://localhost:44027/__cypress/runner/cypress_runner.js:144197:19)\n    at onFailFn (http://localhost:44027/__cypress/runner/cypress_runner.js:132448:16)\n    at tryCatcher (http://localhost:44027/__cypress/runner/cypress_runner.js:167415:23)\n    at Promise._settlePromiseFromHandler (http://localhost:44027/__cypress/runner/cypress_runner.js:165351:31)\n    at Promise._settlePromise (http://localhost:44027/__cypress/runner/cypress_runner.js:165408:18)\n    at Promise._settlePromise0 (http://localhost:44027/__cypress/runner/cypress_runner.js:165453:10)\n    at Promise._settlePromises (http://localhost:44027/__cypress/runner/cypress_runner.js:165528:18)\n    at Async../node_modules/bluebird/js/release/async.js.Async._drainQueue (http://localhost:44027/__cypress/runner/cypress_runner.js:162140:16)\n    at Async../node_modules/bluebird/js/release/async.js.Async._drainQueues (http://localhost:44027/__cypress/runner/cypress_runner.js:162150:10)\n    at Async.drainQueues (http://localhost:44027/__cypress/runner/cypress_runner.js:162024:14)",
                "diff": null
              },
              "uuid": "bd99961b-58a2-4d63-8bef-19aa27232a28",
              "parentUUID": "f666066a-d3ec-410a-9877-b14b43b6adda",
              "isHook": false,
              "skipped": false
            },
            {
              "title": "Verifica se o input só aceita número maiores que zero. Essa restrição deve ser feita usando os atributos do elemento `input`",
              "fullTitle": "10 - Crie um input que permita à pessoa usuária preencher um novo tamanho para o quadro de pixels Verifica se o input só aceita número maiores que zero. Essa restrição deve ser feita usando os atributos do elemento `input`",
              "timedOut": null,
              "duration": 4760,
              "state": "failed",
              "speed": null,
              "pass": false,
              "fail": true,
              "pending": false,
              "context": null,
              "code": "cy.get('#board-size[type=\\'number\\'][min=\\'1\\']');",
              "err": {
                "message": "CypressError: Timed out retrying: Expected to find element: '#board-size[type='number'][min='1']', but never found it.",
                "estack": "CypressError: Timed out retrying: Expected to find element: '#board-size[type='number'][min='1']', but never found it.\n    at cypressErr (http://localhost:44027/__cypress/runner/cypress_runner.js:149934:9)\n    at throwErr (http://localhost:44027/__cypress/runner/cypress_runner.js:149867:11)\n    at Object.throwErrByPath (http://localhost:44027/__cypress/runner/cypress_runner.js:149915:3)\n    at retry (http://localhost:44027/__cypress/runner/cypress_runner.js:144197:19)\n    at onFailFn (http://localhost:44027/__cypress/runner/cypress_runner.js:132448:16)\n    at tryCatcher (http://localhost:44027/__cypress/runner/cypress_runner.js:167415:23)\n    at Promise._settlePromiseFromHandler (http://localhost:44027/__cypress/runner/cypress_runner.js:165351:31)\n    at Promise._settlePromise (http://localhost:44027/__cypress/runner/cypress_runner.js:165408:18)\n    at Promise._settlePromise0 (http://localhost:44027/__cypress/runner/cypress_runner.js:165453:10)\n    at Promise._settlePromises (http://localhost:44027/__cypress/runner/cypress_runner.js:165528:18)\n    at Async../node_modules/bluebird/js/release/async.js.Async._drainQueue (http://localhost:44027/__cypress/runner/cypress_runner.js:162140:16)\n    at Async../node_modules/bluebird/js/release/async.js.Async._drainQueues (http://localhost:44027/__cypress/runner/cypress_runner.js:162150:10)\n    at Async.drainQueues (http://localhost:44027/__cypress/runner/cypress_runner.js:162024:14)",
                "diff": null
              },
              "uuid": "130c0f31-9a4b-4de5-a383-71035efb8b81",
              "parentUUID": "f666066a-d3ec-410a-9877-b14b43b6adda",
              "isHook": false,
              "skipped": false
            },
            {
              "title": "Verifica se o botão contém o texto 'VQV'",
              "fullTitle": "10 - Crie um input que permita à pessoa usuária preencher um novo tamanho para o quadro de pixels Verifica se o botão contém o texto 'VQV'",
              "timedOut": null,
              "duration": 4607,
              "state": "failed",
              "speed": null,
              "pass": false,
              "fail": true,
              "pending": false,
              "context": null,
              "code": "cy.get('#generate-board').contains(/vqv/i);",
              "err": {
                "message": "CypressError: Timed out retrying: Expected to find element: '#generate-board', but never found it.",
                "estack": "CypressError: Timed out retrying: Expected to find element: '#generate-board', but never found it.\n    at cypressErr (http://localhost:44027/__cypress/runner/cypress_runner.js:149934:9)\n    at throwErr (http://localhost:44027/__cypress/runner/cypress_runner.js:149867:11)\n    at Object.throwErrByPath (http://localhost:44027/__cypress/runner/cypress_runner.js:149915:3)\n    at retry (http://localhost:44027/__cypress/runner/cypress_runner.js:144197:19)\n    at onFailFn (http://localhost:44027/__cypress/runner/cypress_runner.js:132448:16)\n    at tryCatcher (http://localhost:44027/__cypress/runner/cypress_runner.js:167415:23)\n    at Promise._settlePromiseFromHandler (http://localhost:44027/__cypress/runner/cypress_runner.js:165351:31)\n    at Promise._settlePromise (http://localhost:44027/__cypress/runner/cypress_runner.js:165408:18)\n    at Promise._settlePromise0 (http://localhost:44027/__cypress/runner/cypress_runner.js:165453:10)\n    at Promise._settlePromises (http://localhost:44027/__cypress/runner/cypress_runner.js:165528:18)\n    at Async../node_modules/bluebird/js/release/async.js.Async._drainQueue (http://localhost:44027/__cypress/runner/cypress_runner.js:162140:16)\n    at Async../node_modules/bluebird/js/release/async.js.Async._drainQueues (http://localhost:44027/__cypress/runner/cypress_runner.js:162150:10)\n    at Async.drainQueues (http://localhost:44027/__cypress/runner/cypress_runner.js:162024:14)",
                "diff": null
              },
              "uuid": "67fe4838-bc65-4d2c-8ce3-58e35e11e05b",
              "parentUUID": "f666066a-d3ec-410a-9877-b14b43b6adda",
              "isHook": false,
              "skipped": false
            },
            {
              "title": "Verifica se o input está posicionado entre a paleta de cores e o quadro de pixels",
              "fullTitle": "10 - Crie um input que permita à pessoa usuária preencher um novo tamanho para o quadro de pixels Verifica se o input está posicionado entre a paleta de cores e o quadro de pixels",
              "timedOut": null,
              "duration": 4462,
              "state": "failed",
              "speed": null,
              "pass": false,
              "fail": true,
              "pending": false,
              "context": null,
              "code": "cy.get('#color-palette').then(function (palette) {\n  cy.get('#board-size').should('be.belowOf', palette);\n});\ncy.get('#board-size').then(function (palette) {\n  cy.get('#pixel-board').should('be.belowOf', palette);\n});",
              "err": {
                "message": "CypressError: Timed out retrying: Expected to find element: '#board-size', but never found it.",
                "estack": "CypressError: Timed out retrying: Expected to find element: '#board-size', but never found it.\n    at cypressErr (http://localhost:44027/__cypress/runner/cypress_runner.js:149934:9)\n    at throwErr (http://localhost:44027/__cypress/runner/cypress_runner.js:149867:11)\n    at Object.throwErrByPath (http://localhost:44027/__cypress/runner/cypress_runner.js:149915:3)\n    at retry (http://localhost:44027/__cypress/runner/cypress_runner.js:144197:19)\n    at onFailFn (http://localhost:44027/__cypress/runner/cypress_runner.js:132448:16)\n    at tryCatcher (http://localhost:44027/__cypress/runner/cypress_runner.js:167415:23)\n    at Promise._settlePromiseFromHandler (http://localhost:44027/__cypress/runner/cypress_runner.js:165351:31)\n    at Promise._settlePromise (http://localhost:44027/__cypress/runner/cypress_runner.js:165408:18)\n    at Promise._settlePromise0 (http://localhost:44027/__cypress/runner/cypress_runner.js:165453:10)\n    at Promise._settlePromises (http://localhost:44027/__cypress/runner/cypress_runner.js:165528:18)\n    at Async../node_modules/bluebird/js/release/async.js.Async._drainQueue (http://localhost:44027/__cypress/runner/cypress_runner.js:162140:16)\n    at Async../node_modules/bluebird/js/release/async.js.Async._drainQueues (http://localhost:44027/__cypress/runner/cypress_runner.js:162150:10)\n    at Async.drainQueues (http://localhost:44027/__cypress/runner/cypress_runner.js:162024:14)",
                "diff": null
              },
              "uuid": "137b2b64-31e3-4d96-be08-adf11adb1e6c",
              "parentUUID": "f666066a-d3ec-410a-9877-b14b43b6adda",
              "isHook": false,
              "skipped": false
            },
            {
              "title": "Verifica se o botão está posicionado ao lado do input",
              "fullTitle": "10 - Crie um input que permita à pessoa usuária preencher um novo tamanho para o quadro de pixels Verifica se o botão está posicionado ao lado do input",
              "timedOut": null,
              "duration": 4559,
              "state": "failed",
              "speed": null,
              "pass": false,
              "fail": true,
              "pending": false,
              "context": null,
              "code": "cy.get('#board-size').then(function (board) {\n  cy.get('#generate-board').should('be.onTheRightOf', board);\n});",
              "err": {
                "message": "CypressError: Timed out retrying: Expected to find element: '#board-size', but never found it.",
                "estack": "CypressError: Timed out retrying: Expected to find element: '#board-size', but never found it.\n    at cypressErr (http://localhost:44027/__cypress/runner/cypress_runner.js:149934:9)\n    at throwErr (http://localhost:44027/__cypress/runner/cypress_runner.js:149867:11)\n    at Object.throwErrByPath (http://localhost:44027/__cypress/runner/cypress_runner.js:149915:3)\n    at retry (http://localhost:44027/__cypress/runner/cypress_runner.js:144197:19)\n    at onFailFn (http://localhost:44027/__cypress/runner/cypress_runner.js:132448:16)\n    at tryCatcher (http://localhost:44027/__cypress/runner/cypress_runner.js:167415:23)\n    at Promise._settlePromiseFromHandler (http://localhost:44027/__cypress/runner/cypress_runner.js:165351:31)\n    at Promise._settlePromise (http://localhost:44027/__cypress/runner/cypress_runner.js:165408:18)\n    at Promise._settlePromise0 (http://localhost:44027/__cypress/runner/cypress_runner.js:165453:10)\n    at Promise._settlePromises (http://localhost:44027/__cypress/runner/cypress_runner.js:165528:18)\n    at Async../node_modules/bluebird/js/release/async.js.Async._drainQueue (http://localhost:44027/__cypress/runner/cypress_runner.js:162140:16)\n    at Async../node_modules/bluebird/js/release/async.js.Async._drainQueues (http://localhost:44027/__cypress/runner/cypress_runner.js:162150:10)\n    at Async.drainQueues (http://localhost:44027/__cypress/runner/cypress_runner.js:162024:14)",
                "diff": null
              },
              "uuid": "e8f63c33-4e6b-4b30-9e92-feae8e915e2d",
              "parentUUID": "f666066a-d3ec-410a-9877-b14b43b6adda",
              "isHook": false,
              "skipped": false
            },
            {
              "title": "Verifica se nenhum valor for colocado no input ao clicar no botão, um `alert` é exibido com o texto: 'Board inválido!'",
              "fullTitle": "10 - Crie um input que permita à pessoa usuária preencher um novo tamanho para o quadro de pixels Verifica se nenhum valor for colocado no input ao clicar no botão, um `alert` é exibido com o texto: 'Board inválido!'",
              "timedOut": null,
              "duration": 4600,
              "state": "failed",
              "speed": null,
              "pass": false,
              "fail": true,
              "pending": false,
              "context": null,
              "code": "var alerted = false;\ncy.on('window:alert', function (msg) {\n  return alerted = msg;\n});\ncy.get('#generate-board').click().then(function () {\n  return expect(alerted).to.match(/Board inválido!/i);\n});",
              "err": {
                "message": "CypressError: Timed out retrying: Expected to find element: '#generate-board', but never found it.",
                "estack": "CypressError: Timed out retrying: Expected to find element: '#generate-board', but never found it.\n    at cypressErr (http://localhost:44027/__cypress/runner/cypress_runner.js:149934:9)\n    at throwErr (http://localhost:44027/__cypress/runner/cypress_runner.js:149867:11)\n    at Object.throwErrByPath (http://localhost:44027/__cypress/runner/cypress_runner.js:149915:3)\n    at retry (http://localhost:44027/__cypress/runner/cypress_runner.js:144197:19)\n    at onFailFn (http://localhost:44027/__cypress/runner/cypress_runner.js:132448:16)\n    at tryCatcher (http://localhost:44027/__cypress/runner/cypress_runner.js:167415:23)\n    at Promise._settlePromiseFromHandler (http://localhost:44027/__cypress/runner/cypress_runner.js:165351:31)\n    at Promise._settlePromise (http://localhost:44027/__cypress/runner/cypress_runner.js:165408:18)\n    at Promise._settlePromise0 (http://localhost:44027/__cypress/runner/cypress_runner.js:165453:10)\n    at Promise._settlePromises (http://localhost:44027/__cypress/runner/cypress_runner.js:165528:18)\n    at Async../node_modules/bluebird/js/release/async.js.Async._drainQueue (http://localhost:44027/__cypress/runner/cypress_runner.js:162140:16)\n    at Async../node_modules/bluebird/js/release/async.js.Async._drainQueues (http://localhost:44027/__cypress/runner/cypress_runner.js:162150:10)\n    at Async.drainQueues (http://localhost:44027/__cypress/runner/cypress_runner.js:162024:14)",
                "diff": null
              },
              "uuid": "c8911e92-fe61-4b3a-9500-b089f730f39e",
              "parentUUID": "f666066a-d3ec-410a-9877-b14b43b6adda",
              "isHook": false,
              "skipped": false
            },
            {
              "title": "Verifica se ao clicar no botão com um valor preenchido, o tamanho do board muda.",
              "fullTitle": "10 - Crie um input que permita à pessoa usuária preencher um novo tamanho para o quadro de pixels Verifica se ao clicar no botão com um valor preenchido, o tamanho do board muda.",
              "timedOut": null,
              "duration": 4664,
              "state": "failed",
              "speed": null,
              "pass": false,
              "fail": true,
              "pending": false,
              "context": null,
              "code": "cy.get('#board-size').clear().type(10);\ncy.get('#generate-board').click();\ncy.get('.pixel').should('have.length', 100);",
              "err": {
                "message": "CypressError: Timed out retrying: Expected to find element: '#board-size', but never found it.",
                "estack": "CypressError: Timed out retrying: Expected to find element: '#board-size', but never found it.\n    at cypressErr (http://localhost:44027/__cypress/runner/cypress_runner.js:149934:9)\n    at throwErr (http://localhost:44027/__cypress/runner/cypress_runner.js:149867:11)\n    at Object.throwErrByPath (http://localhost:44027/__cypress/runner/cypress_runner.js:149915:3)\n    at retry (http://localhost:44027/__cypress/runner/cypress_runner.js:144197:19)\n    at onFailFn (http://localhost:44027/__cypress/runner/cypress_runner.js:132448:16)\n    at tryCatcher (http://localhost:44027/__cypress/runner/cypress_runner.js:167415:23)\n    at Promise._settlePromiseFromHandler (http://localhost:44027/__cypress/runner/cypress_runner.js:165351:31)\n    at Promise._settlePromise (http://localhost:44027/__cypress/runner/cypress_runner.js:165408:18)\n    at Promise._settlePromise0 (http://localhost:44027/__cypress/runner/cypress_runner.js:165453:10)\n    at Promise._settlePromises (http://localhost:44027/__cypress/runner/cypress_runner.js:165528:18)\n    at Async../node_modules/bluebird/js/release/async.js.Async._drainQueue (http://localhost:44027/__cypress/runner/cypress_runner.js:162140:16)\n    at Async../node_modules/bluebird/js/release/async.js.Async._drainQueues (http://localhost:44027/__cypress/runner/cypress_runner.js:162150:10)\n    at Async.drainQueues (http://localhost:44027/__cypress/runner/cypress_runner.js:162024:14)",
                "diff": null
              },
              "uuid": "f690861b-55c2-4ab0-9f8d-ff97bfacc3ed",
              "parentUUID": "f666066a-d3ec-410a-9877-b14b43b6adda",
              "isHook": false,
              "skipped": false
            },
            {
              "title": "Verifica se o novo quadro tem todos os pixels preenchidos com a cor branca",
              "fullTitle": "10 - Crie um input que permita à pessoa usuária preencher um novo tamanho para o quadro de pixels Verifica se o novo quadro tem todos os pixels preenchidos com a cor branca",
              "timedOut": null,
              "duration": 4621,
              "state": "failed",
              "speed": null,
              "pass": false,
              "fail": true,
              "pending": false,
              "context": null,
              "code": "cy.get('#board-size').clear().type(6);\ncy.get('#generate-board').click();\ncy.get('.pixel').should('have.length', 36).each(function (pixel) {\n  expect(pixel).to.have.css('background-color', WHITE);\n});",
              "err": {
                "message": "CypressError: Timed out retrying: Expected to find element: '#board-size', but never found it.",
                "estack": "CypressError: Timed out retrying: Expected to find element: '#board-size', but never found it.\n    at cypressErr (http://localhost:44027/__cypress/runner/cypress_runner.js:149934:9)\n    at throwErr (http://localhost:44027/__cypress/runner/cypress_runner.js:149867:11)\n    at Object.throwErrByPath (http://localhost:44027/__cypress/runner/cypress_runner.js:149915:3)\n    at retry (http://localhost:44027/__cypress/runner/cypress_runner.js:144197:19)\n    at onFailFn (http://localhost:44027/__cypress/runner/cypress_runner.js:132448:16)\n    at tryCatcher (http://localhost:44027/__cypress/runner/cypress_runner.js:167415:23)\n    at Promise._settlePromiseFromHandler (http://localhost:44027/__cypress/runner/cypress_runner.js:165351:31)\n    at Promise._settlePromise (http://localhost:44027/__cypress/runner/cypress_runner.js:165408:18)\n    at Promise._settlePromise0 (http://localhost:44027/__cypress/runner/cypress_runner.js:165453:10)\n    at Promise._settlePromises (http://localhost:44027/__cypress/runner/cypress_runner.js:165528:18)\n    at Async../node_modules/bluebird/js/release/async.js.Async._drainQueue (http://localhost:44027/__cypress/runner/cypress_runner.js:162140:16)\n    at Async../node_modules/bluebird/js/release/async.js.Async._drainQueues (http://localhost:44027/__cypress/runner/cypress_runner.js:162150:10)\n    at Async.drainQueues (http://localhost:44027/__cypress/runner/cypress_runner.js:162024:14)",
                "diff": null
              },
              "uuid": "af9e61e8-105c-423e-8199-eea2e3a11527",
              "parentUUID": "f666066a-d3ec-410a-9877-b14b43b6adda",
              "isHook": false,
              "skipped": false
            }
          ],
          "suites": [],
          "passes": [],
          "failures": [
            "3d80d06f-ea9f-4be5-8e96-7d8997b1c953",
            "bd99961b-58a2-4d63-8bef-19aa27232a28",
            "130c0f31-9a4b-4de5-a383-71035efb8b81",
            "67fe4838-bc65-4d2c-8ce3-58e35e11e05b",
            "137b2b64-31e3-4d96-be08-adf11adb1e6c",
            "e8f63c33-4e6b-4b30-9e92-feae8e915e2d",
            "c8911e92-fe61-4b3a-9500-b089f730f39e",
            "f690861b-55c2-4ab0-9f8d-ff97bfacc3ed",
            "af9e61e8-105c-423e-8199-eea2e3a11527"
          ],
          "pending": [],
          "skipped": [],
          "duration": 41687,
          "root": false,
          "rootEmpty": false,
          "_timeout": 2000
        },
        {
          "uuid": "ca549d04-8271-4048-9a2a-aed09d773be8",
          "title": "11 - Crie uma função que limite o tamanho mínimo e máximo do quadro de pixels",
          "fullFile": "",
          "file": "",
          "beforeHooks": [],
          "afterHooks": [],
          "tests": [
            {
              "title": "Verifica se a altura máxima do board é 50",
              "fullTitle": "11 - Crie uma função que limite o tamanho mínimo e máximo do quadro de pixels Verifica se a altura máxima do board é 50",
              "timedOut": null,
              "duration": 4676,
              "state": "failed",
              "speed": null,
              "pass": false,
              "fail": true,
              "pending": false,
              "context": null,
              "code": "cy.get('#board-size').clear().type(50);\ncy.get('#generate-board').click();\ncy.get('.pixel').should('have.length', 2500);",
              "err": {
                "message": "CypressError: Timed out retrying: Expected to find element: '#board-size', but never found it.",
                "estack": "CypressError: Timed out retrying: Expected to find element: '#board-size', but never found it.\n    at cypressErr (http://localhost:44027/__cypress/runner/cypress_runner.js:149934:9)\n    at throwErr (http://localhost:44027/__cypress/runner/cypress_runner.js:149867:11)\n    at Object.throwErrByPath (http://localhost:44027/__cypress/runner/cypress_runner.js:149915:3)\n    at retry (http://localhost:44027/__cypress/runner/cypress_runner.js:144197:19)\n    at onFailFn (http://localhost:44027/__cypress/runner/cypress_runner.js:132448:16)\n    at tryCatcher (http://localhost:44027/__cypress/runner/cypress_runner.js:167415:23)\n    at Promise._settlePromiseFromHandler (http://localhost:44027/__cypress/runner/cypress_runner.js:165351:31)\n    at Promise._settlePromise (http://localhost:44027/__cypress/runner/cypress_runner.js:165408:18)\n    at Promise._settlePromise0 (http://localhost:44027/__cypress/runner/cypress_runner.js:165453:10)\n    at Promise._settlePromises (http://localhost:44027/__cypress/runner/cypress_runner.js:165528:18)\n    at Async../node_modules/bluebird/js/release/async.js.Async._drainQueue (http://localhost:44027/__cypress/runner/cypress_runner.js:162140:16)\n    at Async../node_modules/bluebird/js/release/async.js.Async._drainQueues (http://localhost:44027/__cypress/runner/cypress_runner.js:162150:10)\n    at Async.drainQueues (http://localhost:44027/__cypress/runner/cypress_runner.js:162024:14)",
                "diff": null
              },
              "uuid": "758fd2a4-3b1f-4a1b-a016-5cb9d108b204",
              "parentUUID": "ca549d04-8271-4048-9a2a-aed09d773be8",
              "isHook": false,
              "skipped": false
            },
            {
              "title": "Verifica se a altura do board é 5 quando um valor menor é colocado no input",
              "fullTitle": "11 - Crie uma função que limite o tamanho mínimo e máximo do quadro de pixels Verifica se a altura do board é 5 quando um valor menor é colocado no input",
              "timedOut": null,
              "duration": 4708,
              "state": "failed",
              "speed": null,
              "pass": false,
              "fail": true,
              "pending": false,
              "context": null,
              "code": "cy.get('#board-size').clear().type(4);\ncy.get('#generate-board').click();\ncy.get('.pixel').should('have.length', 25);",
              "err": {
                "message": "CypressError: Timed out retrying: Expected to find element: '#board-size', but never found it.",
                "estack": "CypressError: Timed out retrying: Expected to find element: '#board-size', but never found it.\n    at cypressErr (http://localhost:44027/__cypress/runner/cypress_runner.js:149934:9)\n    at throwErr (http://localhost:44027/__cypress/runner/cypress_runner.js:149867:11)\n    at Object.throwErrByPath (http://localhost:44027/__cypress/runner/cypress_runner.js:149915:3)\n    at retry (http://localhost:44027/__cypress/runner/cypress_runner.js:144197:19)\n    at onFailFn (http://localhost:44027/__cypress/runner/cypress_runner.js:132448:16)\n    at tryCatcher (http://localhost:44027/__cypress/runner/cypress_runner.js:167415:23)\n    at Promise._settlePromiseFromHandler (http://localhost:44027/__cypress/runner/cypress_runner.js:165351:31)\n    at Promise._settlePromise (http://localhost:44027/__cypress/runner/cypress_runner.js:165408:18)\n    at Promise._settlePromise0 (http://localhost:44027/__cypress/runner/cypress_runner.js:165453:10)\n    at Promise._settlePromises (http://localhost:44027/__cypress/runner/cypress_runner.js:165528:18)\n    at Async../node_modules/bluebird/js/release/async.js.Async._drainQueue (http://localhost:44027/__cypress/runner/cypress_runner.js:162140:16)\n    at Async../node_modules/bluebird/js/release/async.js.Async._drainQueues (http://localhost:44027/__cypress/runner/cypress_runner.js:162150:10)\n    at Async.drainQueues (http://localhost:44027/__cypress/runner/cypress_runner.js:162024:14)",
                "diff": null
              },
              "uuid": "e8a61445-01b1-477a-9c86-f1ca4a189591",
              "parentUUID": "ca549d04-8271-4048-9a2a-aed09d773be8",
              "isHook": false,
              "skipped": false
            },
            {
              "title": "Verifica se a altura do board é 50 quando um valor maior é colocado no input",
              "fullTitle": "11 - Crie uma função que limite o tamanho mínimo e máximo do quadro de pixels Verifica se a altura do board é 50 quando um valor maior é colocado no input",
              "timedOut": null,
              "duration": 4720,
              "state": "failed",
              "speed": null,
              "pass": false,
              "fail": true,
              "pending": false,
              "context": null,
              "code": "cy.get('#board-size').clear().type(51);\ncy.get('#generate-board').click();\ncy.get('.pixel').should('have.length', 2500);",
              "err": {
                "message": "CypressError: Timed out retrying: Expected to find element: '#board-size', but never found it.",
                "estack": "CypressError: Timed out retrying: Expected to find element: '#board-size', but never found it.\n    at cypressErr (http://localhost:44027/__cypress/runner/cypress_runner.js:149934:9)\n    at throwErr (http://localhost:44027/__cypress/runner/cypress_runner.js:149867:11)\n    at Object.throwErrByPath (http://localhost:44027/__cypress/runner/cypress_runner.js:149915:3)\n    at retry (http://localhost:44027/__cypress/runner/cypress_runner.js:144197:19)\n    at onFailFn (http://localhost:44027/__cypress/runner/cypress_runner.js:132448:16)\n    at tryCatcher (http://localhost:44027/__cypress/runner/cypress_runner.js:167415:23)\n    at Promise._settlePromiseFromHandler (http://localhost:44027/__cypress/runner/cypress_runner.js:165351:31)\n    at Promise._settlePromise (http://localhost:44027/__cypress/runner/cypress_runner.js:165408:18)\n    at Promise._settlePromise0 (http://localhost:44027/__cypress/runner/cypress_runner.js:165453:10)\n    at Promise._settlePromises (http://localhost:44027/__cypress/runner/cypress_runner.js:165528:18)\n    at Async../node_modules/bluebird/js/release/async.js.Async._drainQueue (http://localhost:44027/__cypress/runner/cypress_runner.js:162140:16)\n    at Async../node_modules/bluebird/js/release/async.js.Async._drainQueues (http://localhost:44027/__cypress/runner/cypress_runner.js:162150:10)\n    at Async.drainQueues (http://localhost:44027/__cypress/runner/cypress_runner.js:162024:14)",
                "diff": null
              },
              "uuid": "5463dc14-5a82-426e-ae79-3d43d847ba6e",
              "parentUUID": "ca549d04-8271-4048-9a2a-aed09d773be8",
              "isHook": false,
              "skipped": false
            }
          ],
          "suites": [],
          "passes": [],
          "failures": [
            "758fd2a4-3b1f-4a1b-a016-5cb9d108b204",
            "e8a61445-01b1-477a-9c86-f1ca4a189591",
            "5463dc14-5a82-426e-ae79-3d43d847ba6e"
          ],
          "pending": [],
          "skipped": [],
          "duration": 14104,
          "root": false,
          "rootEmpty": false,
          "_timeout": 2000
        },
        {
          "uuid": "f21fed13-906e-48ac-9e6f-110a075caaa0",
          "title": "12 - Crie uma função para gerar as cores aleatoriamente ao carregar a página, com exceção da cor preta",
          "fullFile": "",
          "file": "",
          "beforeHooks": [],
          "afterHooks": [],
          "tests": [
            {
              "title": "Verifica se as cores geradas na paleta são diferentes a cada carregamento da página",
              "fullTitle": "12 - Crie uma função para gerar as cores aleatoriamente ao carregar a página, com exceção da cor preta Verifica se as cores geradas na paleta são diferentes a cada carregamento da página",
              "timedOut": null,
              "duration": 931,
              "state": "failed",
              "speed": null,
              "pass": false,
              "fail": true,
              "pending": false,
              "context": null,
              "code": "cy.get('.color').then(function (colors) {\n  var currentColors;\n  var previousColors;\n  previousColors = Array.from(colors).map(function (color) {\n    return Cypress.$(color).css('background-color');\n  });\n  for (var i = 0; i < 5; i += 1) {\n    cy.reload();\n    cy.get('.color').then(function (colors) {\n      currentColors = Array.from(colors).map(function (color) {\n        return Cypress.$(color).css('background-color');\n      });\n      expect(currentColors).not.to.deep.equal(previousColors);\n      previousColors = currentColors;\n    });\n  }\n});",
              "err": {
                "message": "AssertionError: expected [ Array(4) ] to not deeply equal [ Array(4) ]",
                "estack": "AssertionError: expected [ Array(4) ] to not deeply equal [ Array(4) ]\n    at getRet (http://localhost:44027/__cypress/runner/cypress_runner.js:136585:16)\n    at tryCatcher (http://localhost:44027/__cypress/runner/cypress_runner.js:167415:23)\n    at Function.Promise.attempt.Promise.try (http://localhost:44027/__cypress/runner/cypress_runner.js:164690:29)\n    at Context.thenFn (http://localhost:44027/__cypress/runner/cypress_runner.js:136599:23)\n    at Context.then (http://localhost:44027/__cypress/runner/cypress_runner.js:136971:21)\n    at Context.<anonymous> (http://localhost:44027/__cypress/runner/cypress_runner.js:148875:21)\n    at http://localhost:44027/__cypress/runner/cypress_runner.js:148351:33\n    at tryCatcher (http://localhost:44027/__cypress/runner/cypress_runner.js:167415:23)\n    at Promise._settlePromiseFromHandler (http://localhost:44027/__cypress/runner/cypress_runner.js:165351:31)\n    at Promise._settlePromise (http://localhost:44027/__cypress/runner/cypress_runner.js:165408:18)\n    at Promise._settlePromiseCtx (http://localhost:44027/__cypress/runner/cypress_runner.js:165445:10)\n    at Async../node_modules/bluebird/js/release/async.js.Async._drainQueue (http://localhost:44027/__cypress/runner/cypress_runner.js:162145:12)\n    at Async../node_modules/bluebird/js/release/async.js.Async._drainQueues (http://localhost:44027/__cypress/runner/cypress_runner.js:162150:10)\n    at Async.drainQueues (http://localhost:44027/__cypress/runner/cypress_runner.js:162024:14)",
                "diff": ""
              },
              "uuid": "cbbd1fd8-ae30-4bbf-a9be-c9504114266e",
              "parentUUID": "f21fed13-906e-48ac-9e6f-110a075caaa0",
              "isHook": false,
              "skipped": false
            },
            {
              "title": "Verifica se a cor preta ainda está presente e é a primeira na sua paleta de cores",
              "fullTitle": "12 - Crie uma função para gerar as cores aleatoriamente ao carregar a página, com exceção da cor preta Verifica se a cor preta ainda está presente e é a primeira na sua paleta de cores",
              "timedOut": null,
              "duration": 682,
              "state": "failed",
              "speed": null,
              "pass": false,
              "fail": true,
              "pending": false,
              "context": null,
              "code": "cy.get('.color').then(function (colors) {\n  var currentColors;\n  var previousColors;\n  previousColors = Array.from(colors).map(function (color) {\n    return Cypress.$(color).css('background-color');\n  });\n  expect(previousColors[0]).to.eq(BLACK);\n  for (var i = 0; i < 5; i += 1) {\n    cy.reload();\n    cy.get('.color').then(function (colors) {\n      currentColors = Array.from(colors).map(function (color) {\n        return Cypress.$(color).css('background-color');\n      });\n      expect(currentColors[0]).to.eq(BLACK);\n      expect(currentColors).not.to.deep.equal(previousColors);\n      previousColors = currentColors;\n    });\n  }\n});",
              "err": {
                "message": "AssertionError: expected [ Array(4) ] to not deeply equal [ Array(4) ]",
                "estack": "AssertionError: expected [ Array(4) ] to not deeply equal [ Array(4) ]\n    at getRet (http://localhost:44027/__cypress/runner/cypress_runner.js:136585:16)\n    at tryCatcher (http://localhost:44027/__cypress/runner/cypress_runner.js:167415:23)\n    at Function.Promise.attempt.Promise.try (http://localhost:44027/__cypress/runner/cypress_runner.js:164690:29)\n    at Context.thenFn (http://localhost:44027/__cypress/runner/cypress_runner.js:136599:23)\n    at Context.then (http://localhost:44027/__cypress/runner/cypress_runner.js:136971:21)\n    at Context.<anonymous> (http://localhost:44027/__cypress/runner/cypress_runner.js:148875:21)\n    at http://localhost:44027/__cypress/runner/cypress_runner.js:148351:33\n    at tryCatcher (http://localhost:44027/__cypress/runner/cypress_runner.js:167415:23)\n    at Promise._settlePromiseFromHandler (http://localhost:44027/__cypress/runner/cypress_runner.js:165351:31)\n    at Promise._settlePromise (http://localhost:44027/__cypress/runner/cypress_runner.js:165408:18)\n    at Promise._settlePromiseCtx (http://localhost:44027/__cypress/runner/cypress_runner.js:165445:10)\n    at Async../node_modules/bluebird/js/release/async.js.Async._drainQueue (http://localhost:44027/__cypress/runner/cypress_runner.js:162145:12)\n    at Async../node_modules/bluebird/js/release/async.js.Async._drainQueues (http://localhost:44027/__cypress/runner/cypress_runner.js:162150:10)\n    at Async.drainQueues (http://localhost:44027/__cypress/runner/cypress_runner.js:162024:14)",
                "diff": ""
              },
              "uuid": "0eb7cdb9-ba21-4ae4-be6e-4641ba0c31b8",
              "parentUUID": "f21fed13-906e-48ac-9e6f-110a075caaa0",
              "isHook": false,
              "skipped": false
            }
          ],
          "suites": [],
          "passes": [],
          "failures": [
            "cbbd1fd8-ae30-4bbf-a9be-c9504114266e",
            "0eb7cdb9-ba21-4ae4-be6e-4641ba0c31b8"
          ],
          "pending": [],
          "skipped": [],
          "duration": 1613,
          "root": false,
          "rootEmpty": false,
          "_timeout": 2000
        }
      ],
      "passes": [],
      "failures": [],
      "pending": [],
      "skipped": [],
      "duration": 0,
      "root": true,
      "rootEmpty": true,
      "_timeout": 2000
    }
  ],
  "meta": {
    "mocha": {
      "version": "7.0.1"
    },
    "mochawesome": {
      "options": {
        "quiet": false,
        "reportFilename": "mochawesome",
        "saveHtml": false,
        "saveJson": true,
        "consoleReporter": "spec",
        "useInlineDiffs": false
      },
      "version": "4.1.0"
    },
    "marge": {
      "options": {
        "id": "default",
        "reportDir": "cypress/reports",
        "overwrite": true,
        "html": false,
        "json": true
      },
      "version": "4.1.0"
    }
  }
}